#
# There is insufficient memory for the Java Runtime Environment to continue.
# Native memory allocation (malloc) failed to allocate 1221136 bytes for Chunk::new
# Possible reasons:
#   The system is out of physical RAM or swap space
#   The process is running with CompressedOops enabled, and the Java Heap may be blocking the growth of the native heap
# Possible solutions:
#   Reduce memory load on the system
#   Increase physical memory or swap space
#   Check if swap backing store is full
#   Decrease Java heap size (-Xmx/-Xms)
#   Decrease number of Java threads
#   Decrease Java thread stack sizes (-Xss)
#   Set larger code cache with -XX:ReservedCodeCacheSize=
#   JVM is running with Unscaled Compressed Oops mode in which the Java heap is
#     placed in the first 4GB address space. The Java Heap base address is the
#     maximum limit for the native heap growth. Please use -XX:HeapBaseMinAddress
#     to set the Java Heap base and to place the Java Heap above 4GB virtual address.
# This output file may be truncated or incomplete.
#
#  Out of Memory Error (./src/hotspot/share/memory/arena.cpp:197), pid=5808, tid=3136
#
# JRE version: OpenJDK Runtime Environment (11.0.10) (build 11.0.10+0-b96-7249189)
# Java VM: OpenJDK 64-Bit Server VM (11.0.10+0-b96-7249189, mixed mode, tiered, compressed oops, g1 gc, windows-amd64)
# No core dump will be written. Minidumps are not enabled by default on client versions of Windows
#

---------------  S U M M A R Y ------------

Command Line: --add-opens=java.base/java.util=ALL-UNNAMED --add-opens=java.base/java.lang=ALL-UNNAMED --add-opens=java.base/java.lang.invoke=ALL-UNNAMED --add-opens=java.base/java.util=ALL-UNNAMED --add-opens=java.prefs/java.util.prefs=ALL-UNNAMED --add-opens=java.prefs/java.util.prefs=ALL-UNNAMED --add-opens=java.base/java.nio.charset=ALL-UNNAMED --add-opens=java.base/java.net=ALL-UNNAMED --add-opens=java.base/java.util.concurrent.atomic=ALL-UNNAMED -Xmx2048m -Dfile.encoding=UTF-8 -Duser.country=ES -Duser.language=es -Duser.variant org.gradle.launcher.daemon.bootstrap.GradleDaemon 7.0.2

Host: AMD Ryzen 5 3400G with Radeon Vega Graphics    , 8 cores, 13G,  Windows 10 , 64 bit Build 19041 (10.0.19041.1151)
Time: Thu Sep  9 17:16:28 2021 Hora de verano central (México) elapsed time: 19.356250 seconds (0d 0h 0m 19s)

---------------  T H R E A D  ---------------

Current thread (0x0000024774d7c800):  JavaThread "C2 CompilerThread1" daemon [_thread_in_native, id=3136, stack(0x0000006602300000,0x0000006602400000)]


Current CompileTask:
C2:  19356 14820       4       sun.invoke.util.VerifyAccess::isClassAccessible (182 bytes)

Stack: [0x0000006602300000,0x0000006602400000]
Native frames: (J=compiled Java code, j=interpreted, Vv=VM code, C=native code)
V  [jvm.dll+0x5ecfaa]
V  [jvm.dll+0x722bd5]
V  [jvm.dll+0x72412d]
V  [jvm.dll+0x7247e3]
V  [jvm.dll+0x242928]
V  [jvm.dll+0xbc4fc]
V  [jvm.dll+0xbca0c]
V  [jvm.dll+0x352d7d]
V  [jvm.dll+0x320ad3]
V  [jvm.dll+0x31ffca]
V  [jvm.dll+0x1fb602]
V  [jvm.dll+0x1fa7f4]
V  [jvm.dll+0x18354c]
V  [jvm.dll+0x208ee7]
V  [jvm.dll+0x207731]
V  [jvm.dll+0x6eb1cf]
V  [jvm.dll+0x6e3d45]
V  [jvm.dll+0x5ebe96]
C  [ucrtbase.dll+0x21bb2]
C  [KERNEL32.DLL+0x17034]
C  [ntdll.dll+0x52651]


---------------  P R O C E S S  ---------------

Threads class SMR info:
_java_thread_list=0x00000247755351d0, length=76, elements={
0x0000024757101000, 0x000002477158c800, 0x000002477159b000, 0x0000024771e15800,
0x0000024771e17000, 0x0000024771e19000, 0x0000024771e1d000, 0x0000024771e2d000,
0x0000024771e38800, 0x0000024771f91000, 0x0000024771f8f800, 0x0000024771f90000,
0x0000024771f92800, 0x0000024771f92000, 0x0000024771f8d800, 0x0000024771f8e800,
0x0000024771f8d000, 0x0000024771f93800, 0x0000024774efe000, 0x0000024774efc800,
0x0000024774efd000, 0x0000024774ef8800, 0x0000024774eff000, 0x0000024774ef9000,
0x0000024774eff800, 0x0000024774efa000, 0x0000024774f00800, 0x0000024774efa800,
0x0000024774f01800, 0x0000024774efb800, 0x0000024774f02000, 0x0000024774f05800,
0x0000024774f03000, 0x0000024774f04800, 0x0000024774f06000, 0x0000024778014000,
0x0000024778019000, 0x0000024778015000, 0x0000024778016000, 0x0000024778016800,
0x0000024778017800, 0x0000024778013800, 0x000002477801d000, 0x000002477801b800,
0x0000024778018800, 0x000002477801c800, 0x000002477801e000, 0x000002477801f000,
0x000002477801f800, 0x000002477801a000, 0x000002477801a800, 0x0000024778022000,
0x0000024778021800, 0x0000024779348800, 0x0000024779349800, 0x0000024779345800,
0x0000024779344000, 0x0000024779346800, 0x000002477934a800, 0x0000024779347000,
0x0000024779348000, 0x0000024779344800, 0x0000024779351000, 0x000002477934d800,
0x0000024779350000, 0x000002477934c000, 0x000002477934b000, 0x000002477934e800,
0x000002477934f800, 0x0000024779351800, 0x000002477934d000, 0x0000024777bf2000,
0x0000024774d7c800, 0x0000024777bf5800, 0x0000024777bf4800, 0x00000247779fe800
}

Java Threads: ( => current thread )
  0x0000024757101000 JavaThread "main" [_thread_blocked, id=2116, stack(0x000000667ca00000,0x000000667cb00000)]
  0x000002477158c800 JavaThread "Reference Handler" daemon [_thread_blocked, id=13768, stack(0x000000667d100000,0x000000667d200000)]
  0x000002477159b000 JavaThread "Finalizer" daemon [_thread_blocked, id=13924, stack(0x000000667d200000,0x000000667d300000)]
  0x0000024771e15800 JavaThread "Signal Dispatcher" daemon [_thread_blocked, id=8912, stack(0x000000667d300000,0x000000667d400000)]
  0x0000024771e17000 JavaThread "Attach Listener" daemon [_thread_blocked, id=17148, stack(0x000000667d400000,0x000000667d500000)]
  0x0000024771e19000 JavaThread "Service Thread" daemon [_thread_blocked, id=15932, stack(0x000000667d500000,0x000000667d600000)]
  0x0000024771e1d000 JavaThread "C2 CompilerThread0" daemon [_thread_in_native, id=6216, stack(0x000000667d600000,0x000000667d700000)]
  0x0000024771e2d000 JavaThread "C1 CompilerThread0" daemon [_thread_in_vm, id=16512, stack(0x000000667d700000,0x000000667d800000)]
  0x0000024771e38800 JavaThread "Sweeper thread" daemon [_thread_blocked, id=8428, stack(0x000000667d800000,0x000000667d900000)]
  0x0000024771f91000 JavaThread "Common-Cleaner" daemon [_thread_blocked, id=10472, stack(0x000000667d900000,0x000000667da00000)]
  0x0000024771f8f800 JavaThread "Daemon health stats" [_thread_blocked, id=5728, stack(0x000000667e100000,0x000000667e200000)]
  0x0000024771f90000 JavaThread "Incoming local TCP Connector on port 62462" [_thread_in_native, id=14432, stack(0x000000667db00000,0x000000667dc00000)]
  0x0000024771f92800 JavaThread "Daemon periodic checks" [_thread_blocked, id=11584, stack(0x000000667e000000,0x000000667e100000)]
  0x0000024771f92000 JavaThread "Daemon" [_thread_blocked, id=14436, stack(0x000000667e200000,0x000000667e300000)]
  0x0000024771f8d800 JavaThread "Handler for socket connection from /127.0.0.1:62462 to /127.0.0.1:62463" [_thread_in_native, id=10416, stack(0x000000667e300000,0x000000667e400000)]
  0x0000024771f8e800 JavaThread "Cancel handler" [_thread_blocked, id=5432, stack(0x000000667e400000,0x000000667e500000)]
  0x0000024771f8d000 JavaThread "Daemon worker" [_thread_blocked, id=6992, stack(0x000000667e500000,0x000000667e600000)]
  0x0000024771f93800 JavaThread "Asynchronous log dispatcher for DefaultDaemonConnection: socket connection from /127.0.0.1:62462 to /127.0.0.1:62463" [_thread_blocked, id=8788, stack(0x000000667e600000,0x000000667e700000)]
  0x0000024774efe000 JavaThread "Stdin handler" [_thread_blocked, id=13880, stack(0x000000667e700000,0x000000667e800000)]
  0x0000024774efc800 JavaThread "Daemon client event forwarder" [_thread_blocked, id=15616, stack(0x000000667e800000,0x000000667e900000)]
  0x0000024774efd000 JavaThread "Cache worker for file hash cache (C:\Users\Daniel Maldonado\.gradle\caches\7.0.2\fileHashes)" [_thread_blocked, id=12296, stack(0x000000667e900000,0x000000667ea00000)]
  0x0000024774ef8800 JavaThread "File lock request listener" [_thread_in_native, id=7280, stack(0x000000667ea00000,0x000000667eb00000)]
  0x0000024774eff000 JavaThread "Cache worker for journal cache (C:\Users\Daniel Maldonado\.gradle\caches\journal-1)" [_thread_blocked, id=13024, stack(0x000000667ef00000,0x000000667f000000)]
  0x0000024774ef9000 JavaThread "Cache worker for file hash cache (C:\Users\Daniel Maldonado\AndroidStudioProjects\EstambreApp\.gradle\7.0.2\fileHashes)" [_thread_blocked, id=1536, stack(0x000000667f100000,0x000000667f200000)]
  0x0000024774eff800 JavaThread "File watcher server" daemon [_thread_in_native, id=15748, stack(0x000000667f200000,0x000000667f300000)]
  0x0000024774efa000 JavaThread "File watcher consumer" daemon [_thread_blocked, id=15900, stack(0x000000667f300000,0x000000667f400000)]
  0x0000024774f00800 JavaThread "Cache worker for checksums cache (C:\Users\Daniel Maldonado\AndroidStudioProjects\EstambreApp\.gradle\checksums)" [_thread_blocked, id=13688, stack(0x000000667f400000,0x000000667f500000)]
  0x0000024774efa800 JavaThread "Cache worker for cache directory md-supplier (C:\Users\Daniel Maldonado\.gradle\caches\7.0.2\md-supplier)" [_thread_blocked, id=11488, stack(0x000000667f500000,0x000000667f600000)]
  0x0000024774f01800 JavaThread "Cache worker for cache directory md-rule (C:\Users\Daniel Maldonado\.gradle\caches\7.0.2\md-rule)" [_thread_blocked, id=14212, stack(0x000000667f700000,0x000000667f800000)]
  0x0000024774efb800 JavaThread "Cache worker for execution history cache (C:\Users\Daniel Maldonado\.gradle\caches\7.0.2\executionHistory)" [_thread_blocked, id=1788, stack(0x000000667f800000,0x000000667f900000)]
  0x0000024774f02000 JavaThread "jar transforms" [_thread_blocked, id=8392, stack(0x000000667f900000,0x000000667fa00000)]
  0x0000024774f05800 JavaThread "jar transforms Thread 2" [_thread_blocked, id=16976, stack(0x000000667fa00000,0x000000667fb00000)]
  0x0000024774f03000 JavaThread "Cache worker for file content cache (C:\Users\Daniel Maldonado\.gradle\caches\7.0.2\fileContent)" [_thread_blocked, id=9000, stack(0x000000667fb00000,0x000000667fc00000)]
  0x0000024774f04800 JavaThread "Cache worker for dependencies-accessors (C:\Users\Daniel Maldonado\AndroidStudioProjects\EstambreApp\.gradle\7.0.2\dependencies-accessors)" [_thread_blocked, id=4684, stack(0x000000667fc00000,0x000000667fd00000)]
  0x0000024774f06000 JavaThread "jar transforms Thread 3" [_thread_blocked, id=9056, stack(0x000000667fd00000,0x000000667fe00000)]
  0x0000024778014000 JavaThread "Cache worker for Build Output Cleanup Cache (C:\Users\Daniel Maldonado\AndroidStudioProjects\EstambreApp\.gradle\buildOutputCleanup)" [_thread_blocked, id=8636, stack(0x000000667fe00000,0x000000667ff00000)]
  0x0000024778019000 JavaThread "Build operations" [_thread_blocked, id=13636, stack(0x000000667ff00000,0x0000006680000000)]
  0x0000024778015000 JavaThread "Build operations Thread 2" [_thread_blocked, id=16888, stack(0x0000006600000000,0x0000006600100000)]
  0x0000024778016000 JavaThread "Build operations Thread 3" [_thread_blocked, id=1688, stack(0x0000006600100000,0x0000006600200000)]
  0x0000024778016800 JavaThread "Build operations Thread 4" [_thread_blocked, id=13628, stack(0x0000006600200000,0x0000006600300000)]
  0x0000024778017800 JavaThread "Build operations Thread 5" [_thread_blocked, id=6052, stack(0x0000006600300000,0x0000006600400000)]
  0x0000024778013800 JavaThread "Build operations Thread 6" [_thread_blocked, id=7624, stack(0x0000006600400000,0x0000006600500000)]
  0x000002477801d000 JavaThread "Build operations Thread 7" [_thread_blocked, id=4184, stack(0x0000006600500000,0x0000006600600000)]
  0x000002477801b800 JavaThread "Build operations Thread 8" [_thread_blocked, id=16100, stack(0x0000006600600000,0x0000006600700000)]
  0x0000024778018800 JavaThread "jar transforms Thread 4" [_thread_blocked, id=7348, stack(0x0000006600700000,0x0000006600800000)]
  0x000002477801c800 JavaThread "jar transforms Thread 5" [_thread_blocked, id=14592, stack(0x0000006600800000,0x0000006600900000)]
  0x000002477801e000 JavaThread "jar transforms Thread 6" [_thread_blocked, id=9504, stack(0x0000006600900000,0x0000006600a00000)]
  0x000002477801f000 JavaThread "jar transforms Thread 7" [_thread_blocked, id=7696, stack(0x0000006600a00000,0x0000006600b00000)]
  0x000002477801f800 JavaThread "jar transforms Thread 8" [_thread_blocked, id=17344, stack(0x0000006600b00000,0x0000006600c00000)]
  0x000002477801a000 JavaThread "Memory manager" [_thread_blocked, id=6448, stack(0x0000006600c00000,0x0000006600d00000)]
  0x000002477801a800 JavaThread "build event listener" [_thread_blocked, id=11864, stack(0x0000006600d00000,0x0000006600e00000)]
  0x0000024778022000 JavaThread "pool-3-thread-1" [_thread_blocked, id=3312, stack(0x0000006600e00000,0x0000006600f00000)]
  0x0000024778021800 JavaThread "build event listener" [_thread_blocked, id=4752, stack(0x0000006600f00000,0x0000006601000000)]
  0x0000024779348800 JavaThread "Execution worker for ':'" [_thread_blocked, id=968, stack(0x0000006601000000,0x0000006601100000)]
  0x0000024779349800 JavaThread "Execution worker for ':' Thread 2" [_thread_blocked, id=2244, stack(0x0000006601100000,0x0000006601200000)]
  0x0000024779345800 JavaThread "Execution worker for ':' Thread 3" [_thread_blocked, id=1144, stack(0x0000006601200000,0x0000006601300000)]
  0x0000024779344000 JavaThread "Execution worker for ':' Thread 4" [_thread_blocked, id=11904, stack(0x0000006601300000,0x0000006601400000)]
  0x0000024779346800 JavaThread "Execution worker for ':' Thread 5" [_thread_blocked, id=10128, stack(0x0000006601400000,0x0000006601500000)]
  0x000002477934a800 JavaThread "Execution worker for ':' Thread 6" [_thread_blocked, id=9792, stack(0x0000006601500000,0x0000006601600000)]
  0x0000024779347000 JavaThread "Execution worker for ':' Thread 7" [_thread_blocked, id=11336, stack(0x0000006601600000,0x0000006601700000)]
  0x0000024779348000 JavaThread "Cache worker for execution history cache (C:\Users\Daniel Maldonado\AndroidStudioProjects\EstambreApp\.gradle\7.0.2\executionHistory)" [_thread_blocked, id=3096, stack(0x0000006601700000,0x0000006601800000)]
  0x0000024779344800 JavaThread "WorkerExecutor Queue" [_thread_in_Java, id=6748, stack(0x0000006601800000,0x0000006601900000)]
  0x0000024779351000 JavaThread "WorkerExecutor Queue Thread 2" [_thread_in_Java, id=7360, stack(0x0000006601900000,0x0000006601a00000)]
  0x000002477934d800 JavaThread "WorkerExecutor Queue Thread 3" [_thread_in_Java, id=10476, stack(0x0000006601a00000,0x0000006601b00000)]
  0x0000024779350000 JavaThread "WorkerExecutor Queue Thread 4" [_thread_blocked, id=5856, stack(0x0000006601b00000,0x0000006601c00000)]
  0x000002477934c000 JavaThread "WorkerExecutor Queue Thread 5" [_thread_blocked, id=8612, stack(0x0000006601c00000,0x0000006601d00000)]
  0x000002477934b000 JavaThread "WorkerExecutor Queue Thread 6" [_thread_in_vm, id=14392, stack(0x0000006601d00000,0x0000006601e00000)]
  0x000002477934e800 JavaThread "WorkerExecutor Queue Thread 7" [_thread_in_Java, id=2196, stack(0x0000006601e00000,0x0000006601f00000)]
  0x000002477934f800 JavaThread "WorkerExecutor Queue Thread 8" [_thread_in_Java, id=3976, stack(0x0000006601f00000,0x0000006602000000)]
  0x0000024779351800 JavaThread "pool-4-thread-1" [_thread_blocked, id=11860, stack(0x0000006602000000,0x0000006602100000)]
  0x000002477934d000 JavaThread "stderr" [_thread_in_native, id=16460, stack(0x0000006602100000,0x0000006602200000)]
  0x0000024777bf2000 JavaThread "stdout" [_thread_in_native, id=12612, stack(0x0000006602200000,0x0000006602300000)]
=>0x0000024774d7c800 JavaThread "C2 CompilerThread1" daemon [_thread_in_native, id=3136, stack(0x0000006602300000,0x0000006602400000)]
  0x0000024777bf5800 JavaThread "Cache worker for Java compile cache (C:\Users\Daniel Maldonado\.gradle\caches\7.0.2\javaCompile)" [_thread_blocked, id=1560, stack(0x0000006602500000,0x0000006602600000)]
  0x0000024777bf4800 JavaThread "Cache worker for Java compile cache (C:\Users\Daniel Maldonado\AndroidStudioProjects\EstambreApp\.gradle\7.0.2\javaCompile)" [_thread_blocked, id=13396, stack(0x0000006602600000,0x0000006602700000)]
  0x00000247779fe800 JavaThread "C2 CompilerThread2" daemon [_thread_in_native, id=17264, stack(0x0000006602400000,0x0000006602500000)]

Other Threads:
  0x0000024771dc9800 VMThread "VM Thread" [stack: 0x000000667d000000,0x000000667d100000] [id=14016]
  0x0000024771fa3000 WatcherThread [stack: 0x000000667da00000,0x000000667db00000] [id=11148]
  0x0000024757119000 GCTaskThread "GC Thread#0" [stack: 0x000000667cb00000,0x000000667cc00000] [id=7836]
  0x0000024772bfa000 GCTaskThread "GC Thread#1" [stack: 0x000000667dc00000,0x000000667dd00000] [id=13596]
  0x0000024772d26800 GCTaskThread "GC Thread#2" [stack: 0x000000667dd00000,0x000000667de00000] [id=6272]
  0x0000024772e18000 GCTaskThread "GC Thread#3" [stack: 0x000000667de00000,0x000000667df00000] [id=10896]
  0x0000024772e18800 GCTaskThread "GC Thread#4" [stack: 0x000000667df00000,0x000000667e000000] [id=9912]
  0x0000024773412800 GCTaskThread "GC Thread#5" [stack: 0x000000667eb00000,0x000000667ec00000] [id=7544]
  0x0000024773413800 GCTaskThread "GC Thread#6" [stack: 0x000000667ec00000,0x000000667ed00000] [id=11644]
  0x0000024774bc8000 GCTaskThread "GC Thread#7" [stack: 0x000000667ed00000,0x000000667ee00000] [id=15188]
  0x0000024757148800 ConcurrentGCThread "G1 Main Marker" [stack: 0x000000667cc00000,0x000000667cd00000] [id=10776]
  0x000002475714a000 ConcurrentGCThread "G1 Conc#0" [stack: 0x000000667cd00000,0x000000667ce00000] [id=15384]
  0x0000024774bc8800 ConcurrentGCThread "G1 Conc#1" [stack: 0x000000667ee00000,0x000000667ef00000] [id=1924]
  0x00000247571de000 ConcurrentGCThread "G1 Refine#0" [stack: 0x000000667ce00000,0x000000667cf00000] [id=2264]
  0x0000024771402800 ConcurrentGCThread "G1 Young RemSet Sampling" [stack: 0x000000667cf00000,0x000000667d000000] [id=11940]

Threads with active compile tasks:
C2 CompilerThread0  19433 14833       4       java.lang.reflect.AccessibleObject::checkCanSetAccessible (386 bytes)
C1 CompilerThread0  19433 15331       2       com.android.tools.r8.internal.n9$$Lambda$1438/0x0000000100df0840::a (5 bytes)
C2 CompilerThread1  19433 14820       4       sun.invoke.util.VerifyAccess::isClassAccessible (182 bytes)
C2 CompilerThread2  19434 15327       4       java.util.ArrayDeque::<init> (14 bytes)

VM state:not at safepoint (normal execution)

VM Mutex/Monitor currently owned by a thread: None

Heap address: 0x0000000080000000, size: 2048 MB, Compressed Oops mode: 32-bit
Narrow klass base: 0x0000000000000000, Narrow klass shift: 3
Compressed class space size: 1073741824 Address: 0x0000000100000000

Heap:
 garbage-first heap   total 229376K, used 163611K [0x0000000080000000, 0x0000000100000000)
  region size 1024K, 76 young (77824K), 1 survivors (1024K)
 Metaspace       used 114618K, capacity 117978K, committed 118252K, reserved 1150976K
  class space    used 14730K, capacity 16039K, committed 16076K, reserved 1048576K
Heap Regions: E=young(eden), S=young(survivor), O=old, HS=humongous(starts), HC=humongous(continues), CS=collection set, F=free, A=archive, TAMS=top-at-mark-start (previous, next)
|   0|0x0000000080000000, 0x0000000080100000, 0x0000000080100000|100%| O|  |TAMS 0x0000000080100000, 0x0000000080000000| Untracked 
|   1|0x0000000080100000, 0x0000000080200000, 0x0000000080200000|100%| O|  |TAMS 0x0000000080200000, 0x0000000080100000| Untracked 
|   2|0x0000000080200000, 0x0000000080300000, 0x0000000080300000|100%| O|  |TAMS 0x0000000080300000, 0x0000000080200000| Untracked 
|   3|0x0000000080300000, 0x0000000080400000, 0x0000000080400000|100%|HS|  |TAMS 0x0000000080400000, 0x0000000080300000| Complete 
|   4|0x0000000080400000, 0x0000000080500000, 0x0000000080500000|100%|HC|  |TAMS 0x0000000080500000, 0x0000000080400000| Complete 
|   5|0x0000000080500000, 0x0000000080600000, 0x0000000080600000|100%|HC|  |TAMS 0x0000000080600000, 0x0000000080500000| Complete 
|   6|0x0000000080600000, 0x0000000080700000, 0x0000000080700000|100%| O|  |TAMS 0x0000000080700000, 0x0000000080600000| Untracked 
|   7|0x0000000080700000, 0x0000000080800000, 0x0000000080800000|100%| O|  |TAMS 0x0000000080800000, 0x0000000080700000| Untracked 
|   8|0x0000000080800000, 0x0000000080900000, 0x0000000080900000|100%| O|  |TAMS 0x0000000080900000, 0x0000000080800000| Untracked 
|   9|0x0000000080900000, 0x0000000080a00000, 0x0000000080a00000|100%| O|  |TAMS 0x0000000080a00000, 0x0000000080900000| Untracked 
|  10|0x0000000080a00000, 0x0000000080b00000, 0x0000000080b00000|100%| O|  |TAMS 0x0000000080b00000, 0x0000000080a00000| Untracked 
|  11|0x0000000080b00000, 0x0000000080c00000, 0x0000000080c00000|100%| O|  |TAMS 0x0000000080c00000, 0x0000000080b00000| Untracked 
|  12|0x0000000080c00000, 0x0000000080d00000, 0x0000000080d00000|100%| O|  |TAMS 0x0000000080d00000, 0x0000000080c00000| Untracked 
|  13|0x0000000080d00000, 0x0000000080e00000, 0x0000000080e00000|100%| O|  |TAMS 0x0000000080e00000, 0x0000000080d00000| Untracked 
|  14|0x0000000080e00000, 0x0000000080f00000, 0x0000000080f00000|100%| O|  |TAMS 0x0000000080f00000, 0x0000000080e00000| Untracked 
|  15|0x0000000080f00000, 0x0000000081000000, 0x0000000081000000|100%| O|  |TAMS 0x0000000081000000, 0x0000000080f00000| Untracked 
|  16|0x0000000081000000, 0x0000000081100000, 0x0000000081100000|100%| O|  |TAMS 0x0000000081100000, 0x0000000081000000| Untracked 
|  17|0x0000000081100000, 0x0000000081200000, 0x0000000081200000|100%|HS|  |TAMS 0x0000000081200000, 0x0000000081100000| Complete 
|  18|0x0000000081200000, 0x0000000081300000, 0x0000000081300000|100%|HS|  |TAMS 0x0000000081300000, 0x0000000081200000| Complete 
|  19|0x0000000081300000, 0x0000000081400000, 0x0000000081400000|100%|HS|  |TAMS 0x0000000081400000, 0x0000000081300000| Complete 
|  20|0x0000000081400000, 0x0000000081500000, 0x0000000081500000|100%|HC|  |TAMS 0x0000000081500000, 0x0000000081400000| Complete 
|  21|0x0000000081500000, 0x0000000081600000, 0x0000000081600000|100%| O|  |TAMS 0x0000000081600000, 0x0000000081500000| Untracked 
|  22|0x0000000081600000, 0x0000000081700000, 0x0000000081700000|100%| O|  |TAMS 0x0000000081700000, 0x0000000081600000| Untracked 
|  23|0x0000000081700000, 0x0000000081800000, 0x0000000081800000|100%| O|  |TAMS 0x0000000081800000, 0x0000000081700000| Untracked 
|  24|0x0000000081800000, 0x0000000081900000, 0x0000000081900000|100%| O|  |TAMS 0x0000000081900000, 0x0000000081800000| Untracked 
|  25|0x0000000081900000, 0x0000000081a00000, 0x0000000081a00000|100%| O|  |TAMS 0x0000000081a00000, 0x0000000081900000| Untracked 
|  26|0x0000000081a00000, 0x0000000081b00000, 0x0000000081b00000|100%| O|  |TAMS 0x0000000081b00000, 0x0000000081a00000| Untracked 
|  27|0x0000000081b00000, 0x0000000081c00000, 0x0000000081c00000|100%| O|  |TAMS 0x0000000081c00000, 0x0000000081b00000| Untracked 
|  28|0x0000000081c00000, 0x0000000081d00000, 0x0000000081d00000|100%| O|  |TAMS 0x0000000081d00000, 0x0000000081c00000| Untracked 
|  29|0x0000000081d00000, 0x0000000081e00000, 0x0000000081e00000|100%| O|  |TAMS 0x0000000081e00000, 0x0000000081d00000| Untracked 
|  30|0x0000000081e00000, 0x0000000081f00000, 0x0000000081f00000|100%| O|  |TAMS 0x0000000081f00000, 0x0000000081e00000| Untracked 
|  31|0x0000000081f00000, 0x0000000082000000, 0x0000000082000000|100%| O|  |TAMS 0x0000000082000000, 0x0000000081f00000| Untracked 
|  32|0x0000000082000000, 0x0000000082100000, 0x0000000082100000|100%| O|  |TAMS 0x0000000082100000, 0x0000000082000000| Untracked 
|  33|0x0000000082100000, 0x0000000082200000, 0x0000000082200000|100%| O|  |TAMS 0x0000000082200000, 0x0000000082100000| Untracked 
|  34|0x0000000082200000, 0x0000000082300000, 0x0000000082300000|100%| O|  |TAMS 0x0000000082300000, 0x0000000082200000| Untracked 
|  35|0x0000000082300000, 0x0000000082400000, 0x0000000082400000|100%| O|  |TAMS 0x0000000082400000, 0x0000000082300000| Untracked 
|  36|0x0000000082400000, 0x0000000082500000, 0x0000000082500000|100%| O|  |TAMS 0x0000000082500000, 0x0000000082400000| Untracked 
|  37|0x0000000082500000, 0x0000000082600000, 0x0000000082600000|100%| O|  |TAMS 0x0000000082600000, 0x0000000082500000| Untracked 
|  38|0x0000000082600000, 0x0000000082700000, 0x0000000082700000|100%| O|  |TAMS 0x0000000082700000, 0x0000000082600000| Untracked 
|  39|0x0000000082700000, 0x0000000082800000, 0x0000000082800000|100%| O|  |TAMS 0x0000000082800000, 0x0000000082700000| Untracked 
|  40|0x0000000082800000, 0x0000000082900000, 0x0000000082900000|100%| O|  |TAMS 0x0000000082900000, 0x0000000082800000| Untracked 
|  41|0x0000000082900000, 0x0000000082a00000, 0x0000000082a00000|100%| O|  |TAMS 0x0000000082a00000, 0x0000000082900000| Untracked 
|  42|0x0000000082a00000, 0x0000000082b00000, 0x0000000082b00000|100%| O|  |TAMS 0x0000000082b00000, 0x0000000082a00000| Untracked 
|  43|0x0000000082b00000, 0x0000000082c00000, 0x0000000082c00000|100%| O|  |TAMS 0x0000000082c00000, 0x0000000082b00000| Untracked 
|  44|0x0000000082c00000, 0x0000000082d00000, 0x0000000082d00000|100%| O|  |TAMS 0x0000000082d00000, 0x0000000082c00000| Untracked 
|  45|0x0000000082d00000, 0x0000000082e00000, 0x0000000082e00000|100%| O|  |TAMS 0x0000000082e00000, 0x0000000082d00000| Untracked 
|  46|0x0000000082e00000, 0x0000000082f00000, 0x0000000082f00000|100%| O|  |TAMS 0x0000000082f00000, 0x0000000082e00000| Untracked 
|  47|0x0000000082f00000, 0x0000000083000000, 0x0000000083000000|100%| O|  |TAMS 0x0000000083000000, 0x0000000082f00000| Untracked 
|  48|0x0000000083000000, 0x0000000083100000, 0x0000000083100000|100%| O|  |TAMS 0x0000000083100000, 0x0000000083000000| Untracked 
|  49|0x0000000083100000, 0x0000000083200000, 0x0000000083200000|100%| O|  |TAMS 0x0000000083200000, 0x0000000083100000| Untracked 
|  50|0x0000000083200000, 0x0000000083300000, 0x0000000083300000|100%| O|  |TAMS 0x0000000083300000, 0x0000000083200000| Untracked 
|  51|0x0000000083300000, 0x0000000083300000, 0x0000000083400000|  0%| F|  |TAMS 0x0000000083300000, 0x0000000083300000| Untracked 
|  52|0x0000000083400000, 0x0000000083400000, 0x0000000083500000|  0%| F|  |TAMS 0x0000000083400000, 0x0000000083400000| Untracked 
|  53|0x0000000083500000, 0x0000000083600000, 0x0000000083600000|100%| O|  |TAMS 0x0000000083600000, 0x0000000083500000| Untracked 
|  54|0x0000000083600000, 0x0000000083700000, 0x0000000083700000|100%| O|  |TAMS 0x0000000083700000, 0x0000000083600000| Untracked 
|  55|0x0000000083700000, 0x0000000083800000, 0x0000000083800000|100%| O|  |TAMS 0x0000000083800000, 0x0000000083700000| Untracked 
|  56|0x0000000083800000, 0x0000000083900000, 0x0000000083900000|100%| O|  |TAMS 0x0000000083900000, 0x0000000083800000| Untracked 
|  57|0x0000000083900000, 0x0000000083a00000, 0x0000000083a00000|100%| O|  |TAMS 0x0000000083a00000, 0x0000000083900000| Untracked 
|  58|0x0000000083a00000, 0x0000000083b00000, 0x0000000083b00000|100%| O|  |TAMS 0x0000000083b00000, 0x0000000083a00000| Untracked 
|  59|0x0000000083b00000, 0x0000000083c00000, 0x0000000083c00000|100%| O|  |TAMS 0x0000000083c00000, 0x0000000083b00000| Untracked 
|  60|0x0000000083c00000, 0x0000000083d00000, 0x0000000083d00000|100%| O|  |TAMS 0x0000000083d00000, 0x0000000083c00000| Untracked 
|  61|0x0000000083d00000, 0x0000000083e00000, 0x0000000083e00000|100%| O|  |TAMS 0x0000000083d00000, 0x0000000083d00000| Untracked 
|  62|0x0000000083e00000, 0x0000000083f00000, 0x0000000083f00000|100%| O|  |TAMS 0x0000000083f00000, 0x0000000083e00000| Untracked 
|  63|0x0000000083f00000, 0x0000000084000000, 0x0000000084000000|100%| O|  |TAMS 0x0000000084000000, 0x0000000083f00000| Untracked 
|  64|0x0000000084000000, 0x0000000084100000, 0x0000000084100000|100%| O|  |TAMS 0x0000000084100000, 0x0000000084000000| Untracked 
|  65|0x0000000084100000, 0x0000000084200000, 0x0000000084200000|100%| O|  |TAMS 0x0000000084200000, 0x0000000084100000| Untracked 
|  66|0x0000000084200000, 0x0000000084300000, 0x0000000084300000|100%| O|  |TAMS 0x0000000084300000, 0x0000000084200000| Untracked 
|  67|0x0000000084300000, 0x0000000084400000, 0x0000000084400000|100%| O|  |TAMS 0x0000000084400000, 0x0000000084300000| Untracked 
|  68|0x0000000084400000, 0x0000000084500000, 0x0000000084500000|100%| O|  |TAMS 0x0000000084500000, 0x0000000084400000| Untracked 
|  69|0x0000000084500000, 0x0000000084600000, 0x0000000084600000|100%| O|  |TAMS 0x0000000084600000, 0x0000000084500000| Untracked 
|  70|0x0000000084600000, 0x0000000084700000, 0x0000000084700000|100%| O|  |TAMS 0x0000000084700000, 0x0000000084600000| Untracked 
|  71|0x0000000084700000, 0x0000000084800000, 0x0000000084800000|100%| O|  |TAMS 0x0000000084800000, 0x0000000084700000| Untracked 
|  72|0x0000000084800000, 0x0000000084900000, 0x0000000084900000|100%| O|  |TAMS 0x00000000848f8200, 0x0000000084800000| Untracked 
|  73|0x0000000084900000, 0x0000000084900000, 0x0000000084a00000|  0%| F|  |TAMS 0x0000000084900000, 0x0000000084900000| Untracked 
|  74|0x0000000084a00000, 0x0000000084a00000, 0x0000000084b00000|  0%| F|  |TAMS 0x0000000084a00000, 0x0000000084a00000| Untracked 
|  75|0x0000000084b00000, 0x0000000084c00000, 0x0000000084c00000|100%| O|  |TAMS 0x0000000084b00000, 0x0000000084b00000| Untracked 
|  76|0x0000000084c00000, 0x0000000084d00000, 0x0000000084d00000|100%| O|  |TAMS 0x0000000084c00000, 0x0000000084c00000| Untracked 
|  77|0x0000000084d00000, 0x0000000084e00000, 0x0000000084e00000|100%| O|  |TAMS 0x0000000084d00000, 0x0000000084d00000| Untracked 
|  78|0x0000000084e00000, 0x0000000084ef3400, 0x0000000084f00000| 95%| O|  |TAMS 0x0000000084e00000, 0x0000000084e00000| Untracked 
|  79|0x0000000084f00000, 0x0000000085000000, 0x0000000085000000|100%| O|  |TAMS 0x0000000085000000, 0x0000000084f00000| Untracked 
|  80|0x0000000085000000, 0x0000000085100000, 0x0000000085100000|100%| O|  |TAMS 0x0000000085100000, 0x0000000085000000| Untracked 
|  81|0x0000000085100000, 0x0000000085200000, 0x0000000085200000|100%| O|  |TAMS 0x0000000085200000, 0x0000000085100000| Untracked 
|  82|0x0000000085200000, 0x0000000085300000, 0x0000000085300000|100%| O|  |TAMS 0x0000000085300000, 0x0000000085200000| Untracked 
|  83|0x0000000085300000, 0x0000000085400000, 0x0000000085400000|100%| O|  |TAMS 0x0000000085400000, 0x0000000085300000| Untracked 
|  84|0x0000000085400000, 0x0000000085500000, 0x0000000085500000|100%| O|  |TAMS 0x0000000085500000, 0x0000000085400000| Untracked 
|  85|0x0000000085500000, 0x0000000085500000, 0x0000000085600000|  0%| F|  |TAMS 0x0000000085500000, 0x0000000085500000| Untracked 
|  86|0x0000000085600000, 0x0000000085700000, 0x0000000085700000|100%| O|  |TAMS 0x0000000085700000, 0x0000000085600000| Untracked 
|  87|0x0000000085700000, 0x0000000085700000, 0x0000000085800000|  0%| F|  |TAMS 0x0000000085700000, 0x0000000085700000| Untracked 
|  88|0x0000000085800000, 0x0000000085800000, 0x0000000085900000|  0%| F|  |TAMS 0x0000000085800000, 0x0000000085800000| Untracked 
|  89|0x0000000085900000, 0x0000000085a00000, 0x0000000085a00000|100%| O|  |TAMS 0x0000000085a00000, 0x0000000085900000| Untracked 
|  90|0x0000000085a00000, 0x0000000085b00000, 0x0000000085b00000|100%| O|  |TAMS 0x0000000085b00000, 0x0000000085a00000| Untracked 
|  91|0x0000000085b00000, 0x0000000085c00000, 0x0000000085c00000|100%| O|  |TAMS 0x0000000085c00000, 0x0000000085b00000| Untracked 
|  92|0x0000000085c00000, 0x0000000085d00000, 0x0000000085d00000|100%| O|  |TAMS 0x0000000085d00000, 0x0000000085c00000| Untracked 
|  93|0x0000000085d00000, 0x0000000085d00000, 0x0000000085e00000|  0%| F|  |TAMS 0x0000000085d00000, 0x0000000085d00000| Untracked 
|  94|0x0000000085e00000, 0x0000000085e00000, 0x0000000085f00000|  0%| F|  |TAMS 0x0000000085e00000, 0x0000000085e00000| Untracked 
|  95|0x0000000085f00000, 0x0000000085f00000, 0x0000000086000000|  0%| F|  |TAMS 0x0000000085f00000, 0x0000000085f00000| Untracked 
|  96|0x0000000086000000, 0x0000000086000000, 0x0000000086100000|  0%| F|  |TAMS 0x0000000086000000, 0x0000000086000000| Untracked 
|  97|0x0000000086100000, 0x0000000086100000, 0x0000000086200000|  0%| F|  |TAMS 0x0000000086100000, 0x0000000086100000| Untracked 
|  98|0x0000000086200000, 0x0000000086200000, 0x0000000086300000|  0%| F|  |TAMS 0x0000000086200000, 0x0000000086200000| Untracked 
|  99|0x0000000086300000, 0x0000000086300000, 0x0000000086400000|  0%| F|  |TAMS 0x0000000086300000, 0x0000000086300000| Untracked 
| 100|0x0000000086400000, 0x0000000086400000, 0x0000000086500000|  0%| F|  |TAMS 0x0000000086400000, 0x0000000086400000| Untracked 
| 101|0x0000000086500000, 0x0000000086500000, 0x0000000086600000|  0%| F|  |TAMS 0x0000000086500000, 0x0000000086500000| Untracked 
| 102|0x0000000086600000, 0x0000000086600000, 0x0000000086700000|  0%| F|  |TAMS 0x0000000086600000, 0x0000000086600000| Untracked 
| 103|0x0000000086700000, 0x0000000086700000, 0x0000000086800000|  0%| F|  |TAMS 0x0000000086700000, 0x0000000086700000| Untracked 
| 104|0x0000000086800000, 0x0000000086800000, 0x0000000086900000|  0%| F|  |TAMS 0x0000000086800000, 0x0000000086800000| Untracked 
| 105|0x0000000086900000, 0x0000000086900000, 0x0000000086a00000|  0%| F|  |TAMS 0x0000000086900000, 0x0000000086900000| Untracked 
| 106|0x0000000086a00000, 0x0000000086a00000, 0x0000000086b00000|  0%| F|  |TAMS 0x0000000086a00000, 0x0000000086a00000| Untracked 
| 107|0x0000000086b00000, 0x0000000086b00000, 0x0000000086c00000|  0%| F|  |TAMS 0x0000000086b00000, 0x0000000086b00000| Untracked 
| 108|0x0000000086c00000, 0x0000000086c00000, 0x0000000086d00000|  0%| F|  |TAMS 0x0000000086c00000, 0x0000000086c00000| Untracked 
| 109|0x0000000086d00000, 0x0000000086d00000, 0x0000000086e00000|  0%| F|  |TAMS 0x0000000086d00000, 0x0000000086d00000| Untracked 
| 110|0x0000000086e00000, 0x0000000086e00000, 0x0000000086f00000|  0%| F|  |TAMS 0x0000000086e00000, 0x0000000086e00000| Untracked 
| 111|0x0000000086f00000, 0x0000000086f00000, 0x0000000087000000|  0%| F|  |TAMS 0x0000000086f00000, 0x0000000086f00000| Untracked 
| 112|0x0000000087000000, 0x0000000087000000, 0x0000000087100000|  0%| F|  |TAMS 0x0000000087000000, 0x0000000087000000| Untracked 
| 113|0x0000000087100000, 0x0000000087100000, 0x0000000087200000|  0%| F|  |TAMS 0x0000000087100000, 0x0000000087100000| Untracked 
| 114|0x0000000087200000, 0x0000000087200000, 0x0000000087300000|  0%| F|  |TAMS 0x0000000087200000, 0x0000000087200000| Untracked 
| 115|0x0000000087300000, 0x0000000087300000, 0x0000000087400000|  0%| F|  |TAMS 0x0000000087300000, 0x0000000087300000| Untracked 
| 116|0x0000000087400000, 0x0000000087400000, 0x0000000087500000|  0%| F|  |TAMS 0x0000000087400000, 0x0000000087400000| Untracked 
| 117|0x0000000087500000, 0x0000000087500000, 0x0000000087600000|  0%| F|  |TAMS 0x0000000087500000, 0x0000000087500000| Untracked 
| 118|0x0000000087600000, 0x0000000087600000, 0x0000000087700000|  0%| F|  |TAMS 0x0000000087600000, 0x0000000087600000| Untracked 
| 119|0x0000000087700000, 0x0000000087700000, 0x0000000087800000|  0%| F|  |TAMS 0x0000000087700000, 0x0000000087700000| Untracked 
| 120|0x0000000087800000, 0x0000000087800000, 0x0000000087900000|  0%| F|  |TAMS 0x0000000087800000, 0x0000000087800000| Untracked 
| 121|0x0000000087900000, 0x0000000087900000, 0x0000000087a00000|  0%| F|  |TAMS 0x0000000087900000, 0x0000000087900000| Untracked 
| 122|0x0000000087a00000, 0x0000000087a00000, 0x0000000087b00000|  0%| F|  |TAMS 0x0000000087a00000, 0x0000000087a00000| Untracked 
| 123|0x0000000087b00000, 0x0000000087b00000, 0x0000000087c00000|  0%| F|  |TAMS 0x0000000087b00000, 0x0000000087b00000| Untracked 
| 124|0x0000000087c00000, 0x0000000087c00000, 0x0000000087d00000|  0%| F|  |TAMS 0x0000000087c00000, 0x0000000087c00000| Untracked 
| 125|0x0000000087d00000, 0x0000000087d00000, 0x0000000087e00000|  0%| F|  |TAMS 0x0000000087d00000, 0x0000000087d00000| Untracked 
| 126|0x0000000087e00000, 0x0000000087e00000, 0x0000000087f00000|  0%| F|  |TAMS 0x0000000087e00000, 0x0000000087e00000| Untracked 
| 127|0x0000000087f00000, 0x0000000087f00000, 0x0000000088000000|  0%| F|  |TAMS 0x0000000087f00000, 0x0000000087f00000| Untracked 
| 128|0x0000000088000000, 0x0000000088000000, 0x0000000088100000|  0%| F|  |TAMS 0x0000000088000000, 0x0000000088000000| Untracked 
| 129|0x0000000088100000, 0x0000000088100000, 0x0000000088200000|  0%| F|  |TAMS 0x0000000088100000, 0x0000000088100000| Untracked 
| 130|0x0000000088200000, 0x0000000088200000, 0x0000000088300000|  0%| F|  |TAMS 0x0000000088200000, 0x0000000088200000| Untracked 
| 131|0x0000000088300000, 0x0000000088300000, 0x0000000088400000|  0%| F|  |TAMS 0x0000000088300000, 0x0000000088300000| Untracked 
| 132|0x0000000088400000, 0x0000000088400000, 0x0000000088500000|  0%| F|  |TAMS 0x0000000088400000, 0x0000000088400000| Untracked 
| 133|0x0000000088500000, 0x0000000088500000, 0x0000000088600000|  0%| F|  |TAMS 0x0000000088500000, 0x0000000088500000| Untracked 
| 134|0x0000000088600000, 0x0000000088600000, 0x0000000088700000|  0%| F|  |TAMS 0x0000000088600000, 0x0000000088600000| Untracked 
| 135|0x0000000088700000, 0x0000000088700000, 0x0000000088800000|  0%| F|  |TAMS 0x0000000088700000, 0x0000000088700000| Untracked 
| 136|0x0000000088800000, 0x0000000088800000, 0x0000000088900000|  0%| F|  |TAMS 0x0000000088800000, 0x0000000088800000| Untracked 
| 137|0x0000000088900000, 0x0000000088900000, 0x0000000088a00000|  0%| F|  |TAMS 0x0000000088900000, 0x0000000088900000| Untracked 
| 138|0x0000000088a00000, 0x0000000088a00000, 0x0000000088b00000|  0%| F|  |TAMS 0x0000000088a00000, 0x0000000088a00000| Untracked 
| 139|0x0000000088b00000, 0x0000000088b00000, 0x0000000088c00000|  0%| F|  |TAMS 0x0000000088b00000, 0x0000000088b00000| Untracked 
| 140|0x0000000088c00000, 0x0000000088c00000, 0x0000000088d00000|  0%| F|  |TAMS 0x0000000088c00000, 0x0000000088c00000| Untracked 
| 141|0x0000000088d00000, 0x0000000088d00000, 0x0000000088e00000|  0%| F|  |TAMS 0x0000000088d00000, 0x0000000088d00000| Untracked 
| 142|0x0000000088e00000, 0x0000000088e00000, 0x0000000088f00000|  0%| F|  |TAMS 0x0000000088e00000, 0x0000000088e00000| Untracked 
| 143|0x0000000088f00000, 0x0000000088f00000, 0x0000000089000000|  0%| F|  |TAMS 0x0000000088f00000, 0x0000000088f00000| Untracked 
| 144|0x0000000089000000, 0x00000000890f7e88, 0x0000000089100000| 96%| E|  |TAMS 0x0000000089000000, 0x0000000089000000| Complete 
| 145|0x0000000089100000, 0x0000000089200000, 0x0000000089200000|100%| E|CS|TAMS 0x0000000089100000, 0x0000000089100000| Complete 
| 146|0x0000000089200000, 0x0000000089300000, 0x0000000089300000|100%| E|CS|TAMS 0x0000000089200000, 0x0000000089200000| Complete 
| 147|0x0000000089300000, 0x0000000089400000, 0x0000000089400000|100%| E|CS|TAMS 0x0000000089300000, 0x0000000089300000| Complete 
| 148|0x0000000089400000, 0x0000000089500000, 0x0000000089500000|100%| E|CS|TAMS 0x0000000089400000, 0x0000000089400000| Complete 
| 149|0x0000000089500000, 0x0000000089600000, 0x0000000089600000|100%| E|CS|TAMS 0x0000000089500000, 0x0000000089500000| Complete 
| 150|0x0000000089600000, 0x0000000089700000, 0x0000000089700000|100%| E|CS|TAMS 0x0000000089600000, 0x0000000089600000| Complete 
| 151|0x0000000089700000, 0x0000000089800000, 0x0000000089800000|100%| E|CS|TAMS 0x0000000089700000, 0x0000000089700000| Complete 
| 152|0x0000000089800000, 0x0000000089900000, 0x0000000089900000|100%| E|CS|TAMS 0x0000000089800000, 0x0000000089800000| Complete 
| 153|0x0000000089900000, 0x0000000089a00000, 0x0000000089a00000|100%| E|CS|TAMS 0x0000000089900000, 0x0000000089900000| Complete 
| 154|0x0000000089a00000, 0x0000000089b00000, 0x0000000089b00000|100%| E|CS|TAMS 0x0000000089a00000, 0x0000000089a00000| Complete 
| 155|0x0000000089b00000, 0x0000000089c00000, 0x0000000089c00000|100%| E|CS|TAMS 0x0000000089b00000, 0x0000000089b00000| Complete 
| 156|0x0000000089c00000, 0x0000000089d00000, 0x0000000089d00000|100%| E|CS|TAMS 0x0000000089c00000, 0x0000000089c00000| Complete 
| 157|0x0000000089d00000, 0x0000000089e00000, 0x0000000089e00000|100%| E|CS|TAMS 0x0000000089d00000, 0x0000000089d00000| Complete 
| 158|0x0000000089e00000, 0x0000000089f00000, 0x0000000089f00000|100%| E|CS|TAMS 0x0000000089e00000, 0x0000000089e00000| Complete 
| 159|0x0000000089f00000, 0x000000008a000000, 0x000000008a000000|100%| E|CS|TAMS 0x0000000089f00000, 0x0000000089f00000| Complete 
| 160|0x000000008a000000, 0x000000008a100000, 0x000000008a100000|100%| E|CS|TAMS 0x000000008a000000, 0x000000008a000000| Complete 
| 161|0x000000008a100000, 0x000000008a200000, 0x000000008a200000|100%| E|CS|TAMS 0x000000008a100000, 0x000000008a100000| Complete 
| 162|0x000000008a200000, 0x000000008a300000, 0x000000008a300000|100%| E|CS|TAMS 0x000000008a200000, 0x000000008a200000| Complete 
| 163|0x000000008a300000, 0x000000008a400000, 0x000000008a400000|100%| E|CS|TAMS 0x000000008a300000, 0x000000008a300000| Complete 
| 164|0x000000008a400000, 0x000000008a500000, 0x000000008a500000|100%| E|CS|TAMS 0x000000008a400000, 0x000000008a400000| Complete 
| 165|0x000000008a500000, 0x000000008a600000, 0x000000008a600000|100%| E|CS|TAMS 0x000000008a500000, 0x000000008a500000| Complete 
| 166|0x000000008a600000, 0x000000008a700000, 0x000000008a700000|100%| E|CS|TAMS 0x000000008a600000, 0x000000008a600000| Complete 
| 167|0x000000008a700000, 0x000000008a800000, 0x000000008a800000|100%| E|CS|TAMS 0x000000008a700000, 0x000000008a700000| Complete 
| 168|0x000000008a800000, 0x000000008a900000, 0x000000008a900000|100%| E|CS|TAMS 0x000000008a800000, 0x000000008a800000| Complete 
| 169|0x000000008a900000, 0x000000008aa00000, 0x000000008aa00000|100%| E|CS|TAMS 0x000000008a900000, 0x000000008a900000| Complete 
| 170|0x000000008aa00000, 0x000000008ab00000, 0x000000008ab00000|100%| E|CS|TAMS 0x000000008aa00000, 0x000000008aa00000| Complete 
| 171|0x000000008ab00000, 0x000000008ac00000, 0x000000008ac00000|100%| E|  |TAMS 0x000000008ab00000, 0x000000008ab00000| Complete 
| 172|0x000000008ac00000, 0x000000008ad00000, 0x000000008ad00000|100%| E|CS|TAMS 0x000000008ac00000, 0x000000008ac00000| Complete 
| 173|0x000000008ad00000, 0x000000008ae00000, 0x000000008ae00000|100%| E|CS|TAMS 0x000000008ad00000, 0x000000008ad00000| Complete 
| 174|0x000000008ae00000, 0x000000008af00000, 0x000000008af00000|100%| E|CS|TAMS 0x000000008ae00000, 0x000000008ae00000| Complete 
| 175|0x000000008af00000, 0x000000008b000000, 0x000000008b000000|100%| E|CS|TAMS 0x000000008af00000, 0x000000008af00000| Complete 
| 176|0x000000008b000000, 0x000000008b100000, 0x000000008b100000|100%| E|CS|TAMS 0x000000008b000000, 0x000000008b000000| Complete 
| 177|0x000000008b100000, 0x000000008b200000, 0x000000008b200000|100%| E|CS|TAMS 0x000000008b100000, 0x000000008b100000| Complete 
| 178|0x000000008b200000, 0x000000008b300000, 0x000000008b300000|100%| E|CS|TAMS 0x000000008b200000, 0x000000008b200000| Complete 
| 179|0x000000008b300000, 0x000000008b400000, 0x000000008b400000|100%| E|CS|TAMS 0x000000008b300000, 0x000000008b300000| Complete 
| 180|0x000000008b400000, 0x000000008b500000, 0x000000008b500000|100%| E|CS|TAMS 0x000000008b400000, 0x000000008b400000| Complete 
| 181|0x000000008b500000, 0x000000008b600000, 0x000000008b600000|100%| E|CS|TAMS 0x000000008b500000, 0x000000008b500000| Complete 
| 182|0x000000008b600000, 0x000000008b700000, 0x000000008b700000|100%| E|CS|TAMS 0x000000008b600000, 0x000000008b600000| Complete 
| 183|0x000000008b700000, 0x000000008b800000, 0x000000008b800000|100%| E|CS|TAMS 0x000000008b700000, 0x000000008b700000| Complete 
| 184|0x000000008b800000, 0x000000008b900000, 0x000000008b900000|100%| E|CS|TAMS 0x000000008b800000, 0x000000008b800000| Complete 
| 185|0x000000008b900000, 0x000000008ba00000, 0x000000008ba00000|100%| E|CS|TAMS 0x000000008b900000, 0x000000008b900000| Complete 
| 186|0x000000008ba00000, 0x000000008bb00000, 0x000000008bb00000|100%| E|CS|TAMS 0x000000008ba00000, 0x000000008ba00000| Complete 
| 187|0x000000008bb00000, 0x000000008bc00000, 0x000000008bc00000|100%| E|CS|TAMS 0x000000008bb00000, 0x000000008bb00000| Complete 
| 188|0x000000008bc00000, 0x000000008bd00000, 0x000000008bd00000|100%| E|CS|TAMS 0x000000008bc00000, 0x000000008bc00000| Complete 
| 189|0x000000008bd00000, 0x000000008be00000, 0x000000008be00000|100%| E|CS|TAMS 0x000000008bd00000, 0x000000008bd00000| Complete 
| 190|0x000000008be00000, 0x000000008bf00000, 0x000000008bf00000|100%| E|CS|TAMS 0x000000008be00000, 0x000000008be00000| Complete 
| 191|0x000000008bf00000, 0x000000008c000000, 0x000000008c000000|100%| E|CS|TAMS 0x000000008bf00000, 0x000000008bf00000| Complete 
| 192|0x000000008c000000, 0x000000008c100000, 0x000000008c100000|100%| E|CS|TAMS 0x000000008c000000, 0x000000008c000000| Complete 
| 193|0x000000008c100000, 0x000000008c200000, 0x000000008c200000|100%| E|CS|TAMS 0x000000008c100000, 0x000000008c100000| Complete 
| 194|0x000000008c200000, 0x000000008c300000, 0x000000008c300000|100%| E|CS|TAMS 0x000000008c200000, 0x000000008c200000| Complete 
| 195|0x000000008c300000, 0x000000008c400000, 0x000000008c400000|100%| E|CS|TAMS 0x000000008c300000, 0x000000008c300000| Complete 
| 196|0x000000008c400000, 0x000000008c500000, 0x000000008c500000|100%| E|CS|TAMS 0x000000008c400000, 0x000000008c400000| Complete 
| 197|0x000000008c500000, 0x000000008c600000, 0x000000008c600000|100%| E|CS|TAMS 0x000000008c500000, 0x000000008c500000| Complete 
| 198|0x000000008c600000, 0x000000008c700000, 0x000000008c700000|100%| E|CS|TAMS 0x000000008c600000, 0x000000008c600000| Complete 
| 199|0x000000008c700000, 0x000000008c800000, 0x000000008c800000|100%| E|CS|TAMS 0x000000008c700000, 0x000000008c700000| Complete 
| 200|0x000000008c800000, 0x000000008c900000, 0x000000008c900000|100%| E|CS|TAMS 0x000000008c800000, 0x000000008c800000| Complete 
| 201|0x000000008c900000, 0x000000008ca00000, 0x000000008ca00000|100%| E|CS|TAMS 0x000000008c900000, 0x000000008c900000| Complete 
| 202|0x000000008ca00000, 0x000000008cb00000, 0x000000008cb00000|100%| E|CS|TAMS 0x000000008ca00000, 0x000000008ca00000| Complete 
| 203|0x000000008cb00000, 0x000000008cc00000, 0x000000008cc00000|100%| E|CS|TAMS 0x000000008cb00000, 0x000000008cb00000| Complete 
| 204|0x000000008cc00000, 0x000000008cd00000, 0x000000008cd00000|100%| E|CS|TAMS 0x000000008cc00000, 0x000000008cc00000| Complete 
| 205|0x000000008cd00000, 0x000000008ce00000, 0x000000008ce00000|100%| E|CS|TAMS 0x000000008cd00000, 0x000000008cd00000| Complete 
| 206|0x000000008ce00000, 0x000000008cf00000, 0x000000008cf00000|100%| E|CS|TAMS 0x000000008ce00000, 0x000000008ce00000| Complete 
| 207|0x000000008cf00000, 0x000000008d000000, 0x000000008d000000|100%| E|CS|TAMS 0x000000008cf00000, 0x000000008cf00000| Complete 
| 208|0x000000008d000000, 0x000000008d100000, 0x000000008d100000|100%| E|CS|TAMS 0x000000008d000000, 0x000000008d000000| Complete 
| 209|0x000000008d100000, 0x000000008d200000, 0x000000008d200000|100%| E|CS|TAMS 0x000000008d100000, 0x000000008d100000| Complete 
| 210|0x000000008d200000, 0x000000008d300000, 0x000000008d300000|100%| E|CS|TAMS 0x000000008d200000, 0x000000008d200000| Complete 
| 211|0x000000008d300000, 0x000000008d400000, 0x000000008d400000|100%| E|CS|TAMS 0x000000008d300000, 0x000000008d300000| Complete 
| 212|0x000000008d400000, 0x000000008d500000, 0x000000008d500000|100%| E|CS|TAMS 0x000000008d400000, 0x000000008d400000| Complete 
| 213|0x000000008d500000, 0x000000008d600000, 0x000000008d600000|100%| E|CS|TAMS 0x000000008d500000, 0x000000008d500000| Complete 
| 214|0x000000008d600000, 0x000000008d700000, 0x000000008d700000|100%| E|CS|TAMS 0x000000008d600000, 0x000000008d600000| Complete 
| 215|0x000000008d700000, 0x000000008d800000, 0x000000008d800000|100%| E|CS|TAMS 0x000000008d700000, 0x000000008d700000| Complete 
| 216|0x000000008d800000, 0x000000008d900000, 0x000000008d900000|100%| E|CS|TAMS 0x000000008d800000, 0x000000008d800000| Complete 
| 217|0x000000008d900000, 0x000000008d9d3a78, 0x000000008da00000| 82%| S|CS|TAMS 0x000000008d900000, 0x000000008d900000| Complete 
| 218|0x000000008da00000, 0x000000008db00000, 0x000000008db00000|100%| E|CS|TAMS 0x000000008da00000, 0x000000008da00000| Complete 
| 219|0x000000008db00000, 0x000000008dc00000, 0x000000008dc00000|100%| E|CS|TAMS 0x000000008db00000, 0x000000008db00000| Complete 
| 220|0x000000008dc00000, 0x000000008dd00000, 0x000000008dd00000|100%| E|CS|TAMS 0x000000008dc00000, 0x000000008dc00000| Complete 
| 221|0x000000008dd00000, 0x000000008de00000, 0x000000008de00000|100%| E|CS|TAMS 0x000000008dd00000, 0x000000008dd00000| Complete 
| 222|0x000000008de00000, 0x000000008df00000, 0x000000008df00000|100%| E|CS|TAMS 0x000000008de00000, 0x000000008de00000| Complete 
| 223|0x000000008df00000, 0x000000008e000000, 0x000000008e000000|100%| E|CS|TAMS 0x000000008df00000, 0x000000008df00000| Complete 

Card table byte_map: [0x000002476a320000,0x000002476a720000] _byte_map_base: 0x0000024769f20000

Marking Bits (Prev, Next): (CMBitMap*) 0x000002475713fed8, (CMBitMap*) 0x000002475713ff10
 Prev Bits: [0x000002476ab20000, 0x000002476cb20000)
 Next Bits: [0x000002476cb20000, 0x000002476eb20000)

Polling page: 0x00000247550e0000

Metaspace:

Usage:
  Non-class:     99.79 MB capacity,    97.78 MB ( 98%) used,     1.62 MB (  2%) free+waste,   403.88 KB ( <1%) overhead. 
      Class:     15.72 MB capacity,    14.43 MB ( 92%) used,     1.11 MB (  7%) free+waste,   194.56 KB (  1%) overhead. 
       Both:    115.51 MB capacity,   112.20 MB ( 97%) used,     2.73 MB (  2%) free+waste,   598.44 KB ( <1%) overhead. 

Virtual space:
  Non-class space:      102.00 MB reserved,     100.03 MB ( 98%) committed 
      Class space:        1.00 GB reserved,      15.82 MB (  2%) committed 
             Both:        1.10 GB reserved,     115.86 MB ( 10%) committed 

Chunk freelists:
   Non-Class:  39.00 KB
       Class:  0 bytes
        Both:  37.00 KB

MaxMetaspaceSize: 17179869184.00 GB
CompressedClassSpaceSize: 1.00 GB

CodeHeap 'non-profiled nmethods': size=120000Kb used=9743Kb max_used=9743Kb free=110257Kb
 bounds [0x00000247626c0000, 0x0000024763050000, 0x0000024769bf0000]
CodeHeap 'profiled nmethods': size=120000Kb used=33656Kb max_used=33656Kb free=86343Kb
 bounds [0x000002475b190000, 0x000002475d270000, 0x00000247626c0000]
CodeHeap 'non-nmethods': size=5760Kb used=2334Kb max_used=2383Kb free=3425Kb
 bounds [0x000002475abf0000, 0x000002475ae60000, 0x000002475b190000]
 total_blobs=16199 nmethods=15246 adapters=863
 compilation: enabled
              stopped_count=0, restarted_count=0
 full_count=0

Compilation events (20 events):
Event: 19.341 Thread 0x0000024771e2d000 nmethod 14894 0x000002476301d310 code [0x000002476301d4c0, 0x000002476301d578]
Event: 19.341 Thread 0x0000024771e2d000 15001       3       com.android.tools.r8.internal.B1::<init> (81 bytes)
Event: 19.341 Thread 0x0000024771e2d000 nmethod 15001 0x000002475d1e5990 code [0x000002475d1e5bc0, 0x000002475d1e6608]
Event: 19.341 Thread 0x0000024771e2d000 15031       3       com.android.tools.r8.internal.UF::a (216 bytes)
Event: 19.343 Thread 0x0000024771e2d000 nmethod 15031 0x000002475d1e6910 code [0x000002475d1e6c20, 0x000002475d1e7f18]
Event: 19.343 Thread 0x0000024771e2d000 15035       3       com.android.tools.r8.internal.k4$c::h (40 bytes)
Event: 19.343 Thread 0x0000024771e2d000 nmethod 15035 0x000002475d1e8390 code [0x000002475d1e8580, 0x000002475d1e89c8]
Event: 19.343 Thread 0x0000024771e2d000 15032       3       com.android.tools.r8.internal.z8::a (5 bytes)
Event: 19.343 Thread 0x0000024771e2d000 nmethod 15032 0x000002475d1e8c10 code [0x000002475d1e8de0, 0x000002475d1e9288]
Event: 19.343 Thread 0x0000024771e2d000 15033       3       com.android.tools.r8.internal.zC::equals (11 bytes)
Event: 19.344 Thread 0x0000024771e2d000 nmethod 15033 0x000002475d1e9390 code [0x000002475d1e9540, 0x000002475d1e9698]
Event: 19.344 Thread 0x0000024771e2d000 15010       3       com.android.tools.r8.internal.f5::<init> (11 bytes)
Event: 19.344 Thread 0x0000024771e2d000 nmethod 15010 0x000002475d1e9710 code [0x000002475d1e98e0, 0x000002475d1e9b58]
Event: 19.344 Thread 0x0000024771e2d000 15017       3       com.android.tools.r8.internal.Vv::c (7 bytes)
Event: 19.344 Thread 0x0000024771e2d000 nmethod 15017 0x000002475d1e9c90 code [0x000002475d1e9e40, 0x000002475d1e9ff8]
Event: 19.344 Thread 0x0000024771e2d000 14943       1       com.android.tools.r8.internal.h2::p (5 bytes)
Event: 19.344 Thread 0x0000024771e2d000 nmethod 14943 0x000002476301d610 code [0x000002476301d7c0, 0x000002476301d878]
Event: 19.344 Thread 0x0000024771e2d000 14998       3       com.android.tools.r8.internal.d5::c (8 bytes)
Event: 19.344 Thread 0x0000024771e2d000 nmethod 14998 0x000002475d1ea090 code [0x000002475d1ea240, 0x000002475d1ea408]
Event: 19.344 Thread 0x0000024771e2d000 14999       3       com.android.tools.r8.internal.Y4::a (1107 bytes)

GC Heap History (20 events):
Event: 8.266 GC heap before
{Heap before GC invocations=8 (full 0):
 garbage-first heap   total 229376K, used 50487K [0x0000000080000000, 0x0000000100000000)
  region size 1024K, 25 young (25600K), 17 survivors (17408K)
 Metaspace       used 58644K, capacity 60125K, committed 60236K, reserved 1101824K
  class space    used 7407K, capacity 7944K, committed 8012K, reserved 1048576K
}
Event: 8.284 GC heap after
{Heap after GC invocations=9 (full 0):
 garbage-first heap   total 229376K, used 44856K [0x0000000080000000, 0x0000000100000000)
  region size 1024K, 2 young (2048K), 2 survivors (2048K)
 Metaspace       used 58644K, capacity 60125K, committed 60236K, reserved 1101824K
  class space    used 7407K, capacity 7944K, committed 8012K, reserved 1048576K
}
Event: 9.357 GC heap before
{Heap before GC invocations=10 (full 0):
 garbage-first heap   total 229376K, used 147256K [0x0000000080000000, 0x0000000100000000)
  region size 1024K, 102 young (104448K), 2 survivors (2048K)
 Metaspace       used 67275K, capacity 68917K, committed 69196K, reserved 1110016K
  class space    used 8583K, capacity 9155K, committed 9292K, reserved 1048576K
}
Event: 9.363 GC heap after
{Heap after GC invocations=11 (full 0):
 garbage-first heap   total 229376K, used 51878K [0x0000000080000000, 0x0000000100000000)
  region size 1024K, 9 young (9216K), 9 survivors (9216K)
 Metaspace       used 67275K, capacity 68917K, committed 69196K, reserved 1110016K
  class space    used 8583K, capacity 9155K, committed 9292K, reserved 1048576K
}
Event: 11.186 GC heap before
{Heap before GC invocations=11 (full 0):
 garbage-first heap   total 229376K, used 155302K [0x0000000080000000, 0x0000000100000000)
  region size 1024K, 110 young (112640K), 9 survivors (9216K)
 Metaspace       used 77950K, capacity 79823K, committed 79948K, reserved 1118208K
  class space    used 10082K, capacity 10771K, committed 10828K, reserved 1048576K
}
Event: 11.198 GC heap after
{Heap after GC invocations=12 (full 0):
 garbage-first heap   total 229376K, used 59956K [0x0000000080000000, 0x0000000100000000)
  region size 1024K, 9 young (9216K), 9 survivors (9216K)
 Metaspace       used 77950K, capacity 79823K, committed 79948K, reserved 1118208K
  class space    used 10082K, capacity 10771K, committed 10828K, reserved 1048576K
}
Event: 12.721 GC heap before
{Heap before GC invocations=12 (full 0):
 garbage-first heap   total 229376K, used 162356K [0x0000000080000000, 0x0000000100000000)
  region size 1024K, 108 young (110592K), 9 survivors (9216K)
 Metaspace       used 83033K, capacity 85208K, committed 85324K, reserved 1122304K
  class space    used 10740K, capacity 11533K, committed 11596K, reserved 1048576K
}
Event: 12.734 GC heap after
{Heap after GC invocations=13 (full 0):
 garbage-first heap   total 229376K, used 76644K [0x0000000080000000, 0x0000000100000000)
  region size 1024K, 14 young (14336K), 14 survivors (14336K)
 Metaspace       used 83033K, capacity 85208K, committed 85324K, reserved 1122304K
  class space    used 10740K, capacity 11533K, committed 11596K, reserved 1048576K
}
Event: 13.684 GC heap before
{Heap before GC invocations=13 (full 0):
 garbage-first heap   total 229376K, used 182116K [0x0000000080000000, 0x0000000100000000)
  region size 1024K, 100 young (102400K), 14 survivors (14336K)
 Metaspace       used 86172K, capacity 88392K, committed 88652K, reserved 1126400K
  class space    used 10989K, capacity 11818K, committed 11852K, reserved 1048576K
}
Event: 13.696 GC heap after
{Heap after GC invocations=14 (full 0):
 garbage-first heap   total 229376K, used 83098K [0x0000000080000000, 0x0000000100000000)
  region size 1024K, 7 young (7168K), 7 survivors (7168K)
 Metaspace       used 86172K, capacity 88392K, committed 88652K, reserved 1126400K
  class space    used 10989K, capacity 11818K, committed 11852K, reserved 1048576K
}
Event: 14.425 GC heap before
{Heap before GC invocations=14 (full 0):
 garbage-first heap   total 229376K, used 169114K [0x0000000080000000, 0x0000000100000000)
  region size 1024K, 92 young (94208K), 7 survivors (7168K)
 Metaspace       used 88886K, capacity 91132K, committed 91212K, reserved 1128448K
  class space    used 11195K, capacity 12032K, committed 12108K, reserved 1048576K
}
Event: 14.433 GC heap after
{Heap after GC invocations=15 (full 0):
 garbage-first heap   total 229376K, used 84198K [0x0000000080000000, 0x0000000100000000)
  region size 1024K, 8 young (8192K), 8 survivors (8192K)
 Metaspace       used 88886K, capacity 91132K, committed 91212K, reserved 1128448K
  class space    used 11195K, capacity 12032K, committed 12108K, reserved 1048576K
}
Event: 16.404 GC heap before
{Heap before GC invocations=15 (full 0):
 garbage-first heap   total 229376K, used 172262K [0x0000000080000000, 0x0000000100000000)
  region size 1024K, 95 young (97280K), 8 survivors (8192K)
 Metaspace       used 93831K, capacity 96107K, committed 96460K, reserved 1132544K
  class space    used 11788K, capacity 12645K, committed 12748K, reserved 1048576K
}
Event: 16.416 GC heap after
{Heap after GC invocations=16 (full 0):
 garbage-first heap   total 229376K, used 91363K [0x0000000080000000, 0x0000000100000000)
  region size 1024K, 11 young (11264K), 11 survivors (11264K)
 Metaspace       used 93831K, capacity 96107K, committed 96460K, reserved 1132544K
  class space    used 11788K, capacity 12645K, committed 12748K, reserved 1048576K
}
Event: 17.192 GC heap before
{Heap before GC invocations=16 (full 0):
 garbage-first heap   total 229376K, used 157923K [0x0000000080000000, 0x0000000100000000)
  region size 1024K, 78 young (79872K), 11 survivors (11264K)
 Metaspace       used 98309K, capacity 100692K, committed 100820K, reserved 1136640K
  class space    used 12384K, capacity 13275K, committed 13388K, reserved 1048576K
}
Event: 17.206 GC heap after
{Heap after GC invocations=17 (full 0):
 garbage-first heap   total 229376K, used 93883K [0x0000000080000000, 0x0000000100000000)
  region size 1024K, 5 young (5120K), 5 survivors (5120K)
 Metaspace       used 98309K, capacity 100692K, committed 100820K, reserved 1136640K
  class space    used 12384K, capacity 13275K, committed 13388K, reserved 1048576K
}
Event: 18.662 GC heap before
{Heap before GC invocations=18 (full 0):
 garbage-first heap   total 229376K, used 180923K [0x0000000080000000, 0x0000000100000000)
  region size 1024K, 88 young (90112K), 5 survivors (5120K)
 Metaspace       used 104282K, capacity 106594K, committed 106860K, reserved 1142784K
  class space    used 12965K, capacity 13825K, committed 13900K, reserved 1048576K
}
Event: 18.666 GC heap after
{Heap after GC invocations=19 (full 0):
 garbage-first heap   total 229376K, used 95200K [0x0000000080000000, 0x0000000100000000)
  region size 1024K, 5 young (5120K), 5 survivors (5120K)
 Metaspace       used 104282K, capacity 106594K, committed 106860K, reserved 1142784K
  class space    used 12965K, capacity 13825K, committed 13900K, reserved 1048576K
}
Event: 18.740 GC heap before
{Heap before GC invocations=19 (full 0):
 garbage-first heap   total 229376K, used 100320K [0x0000000080000000, 0x0000000100000000)
  region size 1024K, 11 young (11264K), 5 survivors (5120K)
 Metaspace       used 104918K, capacity 107343K, committed 107500K, reserved 1142784K
  class space    used 13063K, capacity 13958K, committed 14028K, reserved 1048576K
}
Event: 18.746 GC heap after
{Heap after GC invocations=20 (full 0):
 garbage-first heap   total 229376K, used 88859K [0x0000000080000000, 0x0000000100000000)
  region size 1024K, 1 young (1024K), 1 survivors (1024K)
 Metaspace       used 104918K, capacity 107343K, committed 107500K, reserved 1142784K
  class space    used 13063K, capacity 13958K, committed 14028K, reserved 1048576K
}

Deoptimization events (20 events):
Event: 19.249 Thread 0x000002477934b000 Uncommon trap: reason=unstable_if action=reinterpret pc=0x0000024763011578 method=com.android.tools.r8.internal.mh.i()Lcom/android/tools/r8/internal/mh; @ 7 c2
Event: 19.249 Thread 0x0000024779350000 DEOPT PACKING pc=0x0000024763011578 sp=0x0000006601bfc5d0
Event: 19.249 Thread 0x0000024779351000 Uncommon trap: reason=unstable_if action=reinterpret pc=0x0000024763011578 method=com.android.tools.r8.internal.mh.i()Lcom/android/tools/r8/internal/mh; @ 7 c2
Event: 19.249 Thread 0x000002477934b000 DEOPT PACKING pc=0x0000024763011578 sp=0x0000006601dfc190
Event: 19.249 Thread 0x0000024779351000 DEOPT PACKING pc=0x0000024763011578 sp=0x00000066019fc520
Event: 19.249 Thread 0x0000024779350000 DEOPT UNPACKING pc=0x000002475ac178af sp=0x0000006601bfc500 mode 2
Event: 19.249 Thread 0x000002477934b000 DEOPT UNPACKING pc=0x000002475ac178af sp=0x0000006601dfc0c0 mode 2
Event: 19.249 Thread 0x0000024779351000 DEOPT UNPACKING pc=0x000002475ac178af sp=0x00000066019fc450 mode 2
Event: 19.304 Thread 0x0000024779351000 Uncommon trap: trap_request=0xffffff4d fr.pc=0x00000247628fb28c relative=0x000000000000108c
Event: 19.304 Thread 0x0000024779351000 Uncommon trap: reason=unstable_if action=reinterpret pc=0x00000247628fb28c method=java.util.concurrent.ConcurrentHashMap.get(Ljava/lang/Object;)Ljava/lang/Object; @ 86 c2
Event: 19.304 Thread 0x0000024779351000 DEOPT PACKING pc=0x00000247628fb28c sp=0x00000066019fb510
Event: 19.304 Thread 0x0000024779351000 DEOPT UNPACKING pc=0x000002475ac178af sp=0x00000066019fb460 mode 2
Event: 19.330 Thread 0x000002477934b000 Uncommon trap: trap_request=0xffffff4d fr.pc=0x000002476300bb5c relative=0x000000000000011c
Event: 19.330 Thread 0x000002477934b000 Uncommon trap: reason=unstable_if action=reinterpret pc=0x000002476300bb5c method=com.android.tools.r8.internal.D9.a(C)Z @ 3 c2
Event: 19.330 Thread 0x000002477934b000 DEOPT PACKING pc=0x000002476300bb5c sp=0x0000006601dfc0d0
Event: 19.330 Thread 0x000002477934b000 DEOPT UNPACKING pc=0x000002475ac178af sp=0x0000006601dfbfa0 mode 2
Event: 19.330 Thread 0x000002477934b000 Uncommon trap: trap_request=0xffffff4d fr.pc=0x000002476300b6fc relative=0x000000000000005c
Event: 19.330 Thread 0x000002477934b000 Uncommon trap: reason=unstable_if action=reinterpret pc=0x000002476300b6fc method=com.android.tools.r8.internal.D9.a(C)Z @ 3 c2
Event: 19.330 Thread 0x000002477934b000 DEOPT PACKING pc=0x000002476300b6fc sp=0x0000006601dfbed0
Event: 19.330 Thread 0x000002477934b000 DEOPT UNPACKING pc=0x000002475ac178af sp=0x0000006601dfbe60 mode 2

Classes redefined (0 events):
No events

Internal exceptions (20 events):
Event: 19.178 Thread 0x000002477934f800 Exception <a 'java/lang/NoSuchMethodError'{0x000000008b02b698}: 'java.lang.Object java.lang.invoke.Invokers$Holder.linkToTargetMethod(java.lang.Object, java.lang.Object, java.lang.Object, java.lang.Object, java.lang.Object, java.lang.Object, java.lang.Object)'> (0x000000008b02b698) thrown at [./src/hotspot/share/interpreter/linkResolver.cpp, line 773]
Event: 19.178 Thread 0x0000024779350000 Exception <a 'java/lang/NoSuchMethodError'{0x000000008b063288}: 'java.lang.Object java.lang.invoke.Invokers$Holder.linkToTargetMethod(java.lang.Object, java.lang.Object, java.lang.Object, java.lang.Object, java.lang.Object, java.lang.Object, java.lang.Object)'> (0x000000008b063288) thrown at [./src/hotspot/share/interpreter/linkResolver.cpp, line 773]
Event: 19.178 Thread 0x000002477934d800 Exception <a 'java/lang/NoSuchMethodError'{0x000000008b0ac450}: 'java.lang.Object java.lang.invoke.Invokers$Holder.linkToTargetMethod(java.lang.Object, java.lang.Object, java.lang.Object, java.lang.Object, java.lang.Object, java.lang.Object, java.lang.Object)'> (0x000000008b0ac450) thrown at [./src/hotspot/share/interpreter/linkResolver.cpp, line 773]
Event: 19.178 Thread 0x0000024779344800 Exception <a 'java/lang/NoSuchMethodError'{0x000000008b199090}: 'java.lang.Object java.lang.invoke.Invokers$Holder.linkToTargetMethod(java.lang.Object, java.lang.Object, java.lang.Object, java.lang.Object, java.lang.Object, java.lang.Object, java.lang.Object)'> (0x000000008b199090) thrown at [./src/hotspot/share/interpreter/linkResolver.cpp, line 773]
Event: 19.178 Thread 0x0000024779351000 Exception <a 'java/lang/NoSuchMethodError'{0x000000008b08ad80}: 'java.lang.Object java.lang.invoke.Invokers$Holder.linkToTargetMethod(java.lang.Object, java.lang.Object, java.lang.Object, java.lang.Object, java.lang.Object, java.lang.Object, java.lang.Object)'> (0x000000008b08ad80) thrown at [./src/hotspot/share/interpreter/linkResolver.cpp, line 773]
Event: 19.178 Thread 0x000002477934b000 Exception <a 'java/lang/NoSuchMethodError'{0x000000008b0711b0}: 'java.lang.Object java.lang.invoke.Invokers$Holder.linkToTargetMethod(java.lang.Object, java.lang.Object, java.lang.Object, java.lang.Object, java.lang.Object, java.lang.Object, java.lang.Object)'> (0x000000008b0711b0) thrown at [./src/hotspot/share/interpreter/linkResolver.cpp, line 773]
Event: 19.239 Thread 0x0000024779344800 Exception <a 'java/lang/NoSuchMethodError'{0x000000008abe9c70}: 'java.lang.Object java.lang.invoke.DirectMethodHandle$Holder.invokeVirtual(java.lang.Object, java.lang.Object, int, java.lang.Object)'> (0x000000008abe9c70) thrown at [./src/hotspot/share/interpreter/linkResolver.cpp, line 773]
Event: 19.239 Thread 0x0000024779351000 Exception <a 'java/lang/NoSuchMethodError'{0x000000008addb058}: 'java.lang.Object java.lang.invoke.DirectMethodHandle$Holder.invokeVirtual(java.lang.Object, java.lang.Object, int, java.lang.Object)'> (0x000000008addb058) thrown at [./src/hotspot/share/interpreter/linkResolver.cpp, line 773]
Event: 19.239 Thread 0x000002477934f800 Exception <a 'java/lang/NoSuchMethodError'{0x000000008aa12338}: 'java.lang.Object java.lang.invoke.DirectMethodHandle$Holder.invokeVirtual(java.lang.Object, java.lang.Object, int, java.lang.Object)'> (0x000000008aa12338) thrown at [./src/hotspot/share/interpreter/linkResolver.cpp, line 773]
Event: 19.239 Thread 0x000002477934d800 Exception <a 'java/lang/NoSuchMethodError'{0x000000008ab910e8}: 'java.lang.Object java.lang.invoke.DirectMethodHandle$Holder.invokeVirtual(java.lang.Object, java.lang.Object, int, java.lang.Object)'> (0x000000008ab910e8) thrown at [./src/hotspot/share/interpreter/linkResolver.cpp, line 773]
Event: 19.239 Thread 0x000002477934b000 Exception <a 'java/lang/NoSuchMethodError'{0x000000008ad61968}: 'java.lang.Object java.lang.invoke.DirectMethodHandle$Holder.invokeVirtual(java.lang.Object, java.lang.Object, int, java.lang.Object)'> (0x000000008ad61968) thrown at [./src/hotspot/share/interpreter/linkResolver.cpp, line 773]
Event: 19.239 Thread 0x0000024779350000 Exception <a 'java/lang/NoSuchMethodError'{0x000000008abc8d40}: 'java.lang.Object java.lang.invoke.DirectMethodHandle$Holder.invokeVirtual(java.lang.Object, java.lang.Object, int, java.lang.Object)'> (0x000000008abc8d40) thrown at [./src/hotspot/share/interpreter/linkResolver.cpp, line 773]
Event: 19.251 Thread 0x0000024779351000 Exception <a 'java/lang/IncompatibleClassChangeError'{0x000000008adeea38}: Found class java.lang.Object, but interface was expected> (0x000000008adeea38) thrown at [./src/hotspot/share/interpreter/linkResolver.cpp, line 839]
Event: 19.251 Thread 0x000002477934b000 Exception <a 'java/lang/IncompatibleClassChangeError'{0x000000008a9535f8}: Found class java.lang.Object, but interface was expected> (0x000000008a9535f8) thrown at [./src/hotspot/share/interpreter/linkResolver.cpp, line 839]
Event: 19.251 Thread 0x000002477934b000 Exception <a 'java/lang/IncompatibleClassChangeError'{0x000000008a96c1d0}: Found class java.lang.Object, but interface was expected> (0x000000008a96c1d0) thrown at [./src/hotspot/share/interpreter/linkResolver.cpp, line 839]
Event: 19.251 Thread 0x0000024779351000 Exception <a 'java/lang/IncompatibleClassChangeError'{0x000000008a972480}: Found class java.lang.Object, but interface was expected> (0x000000008a972480) thrown at [./src/hotspot/share/interpreter/linkResolver.cpp, line 839]
Event: 19.251 Thread 0x0000024779350000 Exception <a 'java/lang/IncompatibleClassChangeError'{0x000000008aaa9058}: Found class java.lang.Object, but interface was expected> (0x000000008aaa9058) thrown at [./src/hotspot/share/interpreter/linkResolver.cpp, line 839]
Event: 19.259 Thread 0x000002477934d800 Exception <a 'java/lang/NoSuchMethodError'{0x000000008a9e9f70}: 'void java.lang.invoke.DirectMethodHandle$Holder.invokeVirtual(java.lang.Object, java.lang.Object, int, java.lang.Object)'> (0x000000008a9e9f70) thrown at [./src/hotspot/share/interpreter/linkResolver.cpp, line 773]
Event: 19.325 Thread 0x0000024779351000 Exception <a 'java/lang/NoSuchMethodError'{0x000000008a4e5c88}: 'java.lang.Object java.lang.invoke.DirectMethodHandle$Holder.newInvokeSpecial(java.lang.Object, int)'> (0x000000008a4e5c88) thrown at [./src/hotspot/share/interpreter/linkResolver.cpp, line 773]
Event: 19.325 Thread 0x000002477934b000 Exception <a 'java/lang/NoSuchMethodError'{0x000000008a38c5d0}: 'java.lang.Object java.lang.invoke.DirectMethodHandle$Holder.newInvokeSpecial(java.lang.Object, int)'> (0x000000008a38c5d0) thrown at [./src/hotspot/share/interpreter/linkResolver.cpp, line 773]

Events (20 events):
Event: 19.350 loading class com/android/tools/r8/graph/V0
Event: 19.350 loading class com/android/tools/r8/graph/V0 done
Event: 19.350 loading class com/android/tools/r8/internal/R8
Event: 19.350 loading class com/android/tools/r8/internal/R8 done
Event: 19.350 loading class com/android/tools/r8/graph/Z
Event: 19.350 loading class com/android/tools/r8/graph/Z done
Event: 19.350 loading class com/android/tools/r8/internal/Fg
Event: 19.350 loading class com/android/tools/r8/internal/Fg done
Event: 19.352 loading class com/android/tools/r8/graph/P
Event: 19.352 loading class com/android/tools/r8/graph/P done
Event: 19.352 loading class com/android/tools/r8/internal/zt
Event: 19.352 loading class com/android/tools/r8/internal/zt done
Event: 19.352 loading class com/android/tools/r8/graph/P
Event: 19.352 loading class com/android/tools/r8/graph/P done
Event: 19.352 loading class com/android/tools/r8/internal/hr
Event: 19.352 loading class com/android/tools/r8/internal/hr done
Event: 19.352 loading class com/android/tools/r8/internal/zt
Event: 19.352 loading class com/android/tools/r8/internal/zt done
Event: 19.352 loading class com/android/tools/r8/internal/e7
Event: 19.352 loading class com/android/tools/r8/internal/e7 done


Dynamic libraries:
0x00007ff78e560000 - 0x00007ff78e56a000 	C:\Program Files\Android\Android Studio\jre\bin\java.exe
0x00007ffc422d0000 - 0x00007ffc424c5000 	C:\WINDOWS\SYSTEM32\ntdll.dll
0x00007ffc415f0000 - 0x00007ffc416ad000 	C:\WINDOWS\System32\KERNEL32.DLL
0x00007ffc3fda0000 - 0x00007ffc40069000 	C:\WINDOWS\System32\KERNELBASE.dll
0x00007ffc3fb40000 - 0x00007ffc3fc40000 	C:\WINDOWS\System32\ucrtbase.dll
0x00007ffc22440000 - 0x00007ffc22457000 	C:\Program Files\Android\Android Studio\jre\bin\VCRUNTIME140.dll
0x00007ffc24e20000 - 0x00007ffc24e39000 	C:\Program Files\Android\Android Studio\jre\bin\jli.dll
0x00007ffc406f0000 - 0x00007ffc40890000 	C:\WINDOWS\System32\USER32.dll
0x00007ffc3fb10000 - 0x00007ffc3fb32000 	C:\WINDOWS\System32\win32u.dll
0x00007ffc41ab0000 - 0x00007ffc41ada000 	C:\WINDOWS\System32\GDI32.dll
0x00007ffc3fa00000 - 0x00007ffc3fb0b000 	C:\WINDOWS\System32\gdi32full.dll
0x00007ffc2a510000 - 0x00007ffc2a7aa000 	C:\WINDOWS\WinSxS\amd64_microsoft.windows.common-controls_6595b64144ccf1df_6.0.19041.1110_none_60b5254171f9507e\COMCTL32.dll
0x00007ffc40100000 - 0x00007ffc4019d000 	C:\WINDOWS\System32\msvcp_win.dll
0x00007ffc417e0000 - 0x00007ffc4187e000 	C:\WINDOWS\System32\msvcrt.dll
0x00007ffc40560000 - 0x00007ffc40590000 	C:\WINDOWS\System32\IMM32.DLL
0x00007ffc1ca70000 - 0x00007ffc1cb0d000 	C:\Program Files\Android\Android Studio\jre\bin\msvcp140.dll
0x00007ffbf8200000 - 0x00007ffbf8ccf000 	C:\Program Files\Android\Android Studio\jre\bin\server\jvm.dll
0x00007ffc40f30000 - 0x00007ffc40fdc000 	C:\WINDOWS\System32\ADVAPI32.dll
0x00007ffc41040000 - 0x00007ffc410db000 	C:\WINDOWS\System32\sechost.dll
0x00007ffc416b0000 - 0x00007ffc417da000 	C:\WINDOWS\System32\RPCRT4.dll
0x00007ffc408a0000 - 0x00007ffc408a8000 	C:\WINDOWS\System32\PSAPI.DLL
0x00007ffc350a0000 - 0x00007ffc350c7000 	C:\WINDOWS\SYSTEM32\WINMM.dll
0x00007ffc3aff0000 - 0x00007ffc3aff9000 	C:\WINDOWS\SYSTEM32\WSOCK32.dll
0x00007ffc41ae0000 - 0x00007ffc41b4b000 	C:\WINDOWS\System32\WS2_32.dll
0x00007ffc384c0000 - 0x00007ffc384ca000 	C:\WINDOWS\SYSTEM32\VERSION.dll
0x00007ffc3e2a0000 - 0x00007ffc3e2b2000 	C:\WINDOWS\SYSTEM32\kernel.appcore.dll
0x00007ffc3a870000 - 0x00007ffc3a881000 	C:\Program Files\Android\Android Studio\jre\bin\verify.dll
0x00007ffc38bb0000 - 0x00007ffc38d94000 	C:\WINDOWS\SYSTEM32\DBGHELP.DLL
0x00007ffc30570000 - 0x00007ffc3059c000 	C:\WINDOWS\SYSTEM32\dbgcore.DLL
0x00007ffc40070000 - 0x00007ffc400f3000 	C:\WINDOWS\System32\bcryptPrimitives.dll
0x00007ffc37d70000 - 0x00007ffc37d99000 	C:\Program Files\Android\Android Studio\jre\bin\java.dll
0x00007ffc3a860000 - 0x00007ffc3a86b000 	C:\Program Files\Android\Android Studio\jre\bin\jimage.dll
0x00007ffc3a680000 - 0x00007ffc3a698000 	C:\Program Files\Android\Android Studio\jre\bin\zip.dll
0x00007ffc41b50000 - 0x00007ffc4228f000 	C:\WINDOWS\System32\SHELL32.dll
0x00007ffc3da10000 - 0x00007ffc3e1a0000 	C:\WINDOWS\SYSTEM32\windows.storage.dll
0x00007ffc40960000 - 0x00007ffc40cb5000 	C:\WINDOWS\System32\combase.dll
0x00007ffc3f370000 - 0x00007ffc3f39c000 	C:\WINDOWS\SYSTEM32\Wldp.dll
0x00007ffc404b0000 - 0x00007ffc4055e000 	C:\WINDOWS\System32\SHCORE.dll
0x00007ffc40590000 - 0x00007ffc405e5000 	C:\WINDOWS\System32\shlwapi.dll
0x00007ffc3f940000 - 0x00007ffc3f95f000 	C:\WINDOWS\SYSTEM32\profapi.dll
0x00007ffc386a0000 - 0x00007ffc386ba000 	C:\Program Files\Android\Android Studio\jre\bin\net.dll
0x00007ffc36c70000 - 0x00007ffc36d78000 	C:\WINDOWS\SYSTEM32\WINHTTP.dll
0x00007ffc3f090000 - 0x00007ffc3f0fa000 	C:\WINDOWS\system32\mswsock.dll
0x00007ffc380f0000 - 0x00007ffc38104000 	C:\Program Files\Android\Android Studio\jre\bin\nio.dll
0x00007ffc295b0000 - 0x00007ffc295d7000 	C:\Users\Daniel Maldonado\.gradle\native\8bec1ad78214c89d9ad589b4d07fe93259594b29d510b10fafb7a158f7737e5d\windows-amd64\native-platform.dll
0x00007ffc111d0000 - 0x00007ffc1130d000 	C:\Users\Daniel Maldonado\.gradle\native\53dbd7edfb1c66fb8903c78663c9afc45aea4f116125fa6feffd364cf09443e8\windows-amd64\native-platform-file-events.dll
0x00007ffc3a7f0000 - 0x00007ffc3a7fa000 	C:\Program Files\Android\Android Studio\jre\bin\management.dll
0x00007ffc3a760000 - 0x00007ffc3a76c000 	C:\Program Files\Android\Android Studio\jre\bin\management_ext.dll
0x00007ffc3f270000 - 0x00007ffc3f288000 	C:\WINDOWS\SYSTEM32\CRYPTSP.dll
0x00007ffc3ea30000 - 0x00007ffc3ea64000 	C:\WINDOWS\system32\rsaenh.dll
0x00007ffc40200000 - 0x00007ffc40227000 	C:\WINDOWS\System32\bcrypt.dll
0x00007ffc3f900000 - 0x00007ffc3f92e000 	C:\WINDOWS\SYSTEM32\USERENV.dll
0x00007ffc3f230000 - 0x00007ffc3f23c000 	C:\WINDOWS\SYSTEM32\CRYPTBASE.dll
0x00007ffc3eda0000 - 0x00007ffc3eddb000 	C:\WINDOWS\SYSTEM32\IPHLPAPI.DLL
0x00007ffc40890000 - 0x00007ffc40898000 	C:\WINDOWS\System32\NSI.dll
0x00007ffc39080000 - 0x00007ffc39097000 	C:\WINDOWS\SYSTEM32\dhcpcsvc6.DLL
0x00007ffc39060000 - 0x00007ffc3907d000 	C:\WINDOWS\SYSTEM32\dhcpcsvc.DLL
0x00007ffc3ede0000 - 0x00007ffc3eeac000 	C:\WINDOWS\SYSTEM32\DNSAPI.dll

dbghelp: loaded successfully - version: 4.0.5 - missing functions: none
symbol engine: initialized successfully - sym options: 0x614 - pdb path: .;C:\Program Files\Android\Android Studio\jre\bin;C:\WINDOWS\SYSTEM32;C:\WINDOWS\WinSxS\amd64_microsoft.windows.common-controls_6595b64144ccf1df_6.0.19041.1110_none_60b5254171f9507e;C:\Program Files\Android\Android Studio\jre\bin\server;C:\Users\Daniel Maldonado\.gradle\native\8bec1ad78214c89d9ad589b4d07fe93259594b29d510b10fafb7a158f7737e5d\windows-amd64;C:\Users\Daniel Maldonado\.gradle\native\53dbd7edfb1c66fb8903c78663c9afc45aea4f116125fa6feffd364cf09443e8\windows-amd64

VM Arguments:
jvm_args: --add-opens=java.base/java.util=ALL-UNNAMED --add-opens=java.base/java.lang=ALL-UNNAMED --add-opens=java.base/java.lang.invoke=ALL-UNNAMED --add-opens=java.base/java.util=ALL-UNNAMED --add-opens=java.prefs/java.util.prefs=ALL-UNNAMED --add-opens=java.prefs/java.util.prefs=ALL-UNNAMED --add-opens=java.base/java.nio.charset=ALL-UNNAMED --add-opens=java.base/java.net=ALL-UNNAMED --add-opens=java.base/java.util.concurrent.atomic=ALL-UNNAMED -Xmx2048m -Dfile.encoding=UTF-8 -Duser.country=ES -Duser.language=es -Duser.variant 
java_command: org.gradle.launcher.daemon.bootstrap.GradleDaemon 7.0.2
java_class_path (initial): C:\Users\Daniel Maldonado\.gradle\wrapper\dists\gradle-7.0.2-bin\857tjihv64xamwrf0h14cai3r\gradle-7.0.2\lib\gradle-launcher-7.0.2.jar
Launcher Type: SUN_STANDARD

[Global flags]
     intx CICompilerCount                          = 4                                         {product} {ergonomic}
     uint ConcGCThreads                            = 2                                         {product} {ergonomic}
     uint G1ConcRefinementThreads                  = 8                                         {product} {ergonomic}
   size_t G1HeapRegionSize                         = 1048576                                   {product} {ergonomic}
    uintx GCDrainStackTargetSize                   = 64                                        {product} {ergonomic}
   size_t InitialHeapSize                          = 234881024                                 {product} {ergonomic}
   size_t MarkStackSize                            = 4194304                                   {product} {ergonomic}
   size_t MaxHeapSize                              = 2147483648                                {product} {command line}
   size_t MaxNewSize                               = 1287651328                                {product} {ergonomic}
   size_t MinHeapDeltaBytes                        = 1048576                                   {product} {ergonomic}
    uintx NonNMethodCodeHeapSize                   = 5836300                                {pd product} {ergonomic}
    uintx NonProfiledCodeHeapSize                  = 122910970                              {pd product} {ergonomic}
    uintx ProfiledCodeHeapSize                     = 122910970                              {pd product} {ergonomic}
    uintx ReservedCodeCacheSize                    = 251658240                              {pd product} {ergonomic}
     bool SegmentedCodeCache                       = true                                      {product} {ergonomic}
     bool UseCompressedClassPointers               = true                                 {lp64_product} {ergonomic}
     bool UseCompressedOops                        = true                                 {lp64_product} {ergonomic}
     bool UseG1GC                                  = true                                      {product} {ergonomic}
     bool UseLargePagesIndividualAllocation        = false                                  {pd product} {ergonomic}

Logging:
Log output configuration:
 #0: stdout all=warning uptime,level,tags
 #1: stderr all=off uptime,level,tags

Environment Variables:
PATH=C:\Python39\Scripts\;C:\Python39\;C:\Program Files (x86)\Common Files\Intel\Shared Files\cpp\bin\Intel64;C:\WINDOWS\system32;C:\WINDOWS;C:\WINDOWS\System32\Wbem;C:\WINDOWS\System32\WindowsPowerShell\v1.0\;C:\Program Files (x86)\ATI Technologies\ATI.ACE\Core-Static;C:\Program Files (x86)\Windows Live\Shared;C:\WINDOWS\System32\OpenSSH\;C:\Program Files (x86)\AOMEI Backupper;C:\MinGW\bin;C:\Program Files\Git\cmd;C:\ProgramData\chocolatey\bin;;C:\Program Files\erl10.3\bin;C:\Program Files (x86)\Elixir\bin;C:\WINDOWS\system32\config\systemprofile\.mix\escripts;C:\Program Files\nodejs\;C:\Program Files\swipl\bin;C:\Program Files (x86)\Ardesia\bin;C:\Users\Daniel Maldonado\AppData\Local\Microsoft\WindowsApps;C:\Users\Daniel Maldonado\AppData\Local\GitHubDesktop\bin;C:\Users\Daniel Maldonado\AppData\Local\atom\bin;C:\Users\Daniel Maldonado\AppData\Local\Programs\Microsoft VS Code\bin;C:\Users\Daniel Maldonado\AppData\Roaming\npm;C:\Users\Daniel Maldonado\AppData\Local\Microsoft\WindowsApps;C:\src\flutter\bin;
USERNAME=Daniel Maldonado
OS=Windows_NT
PROCESSOR_IDENTIFIER=AMD64 Family 23 Model 24 Stepping 1, AuthenticAMD



---------------  S Y S T E M  ---------------

OS: Windows 10 , 64 bit Build 19041 (10.0.19041.1151)
OS uptime: 16 days 6:24 hours
Hyper-V role detected

CPU:total 8 (initial active 8) (8 cores per cpu, 2 threads per core) family 23 model 24 stepping 1 microcode 0x0, cmov, cx8, fxsr, mmx, sse, sse2, sse3, ssse3, sse4.1, sse4.2, popcnt, avx, avx2, aes, clmul, mmxext, 3dnowpref, lzcnt, sse4a, ht, tsc, tscinvbit, tscinv, bmi1, bmi2, adx, s

Memory: 4k page, system-wide physical 14267M (3052M free)
TotalPageFile size 14267M (AvailPageFile size 4M)
current process WorkingSet (physical memory assigned to process): 540M, peak: 540M
current process commit charge ("private bytes"): 574M, peak: 574M

vm_info: OpenJDK 64-Bit Server VM (11.0.10+0-b96-7249189) for windows-amd64 JRE (11.0.10+0-b96-7249189), built on Mar 31 2021 21:44:00 by "builder" with MS VC++ 14.0 (VS2015)

END.
